  [1m[36m (126.1ms)[0m  [1mCREATE TABLE `schema_migrations` (`version` varchar(255) NOT NULL) ENGINE=InnoDB[0m
  [1m[35m (311.5ms)[0m  CREATE UNIQUE INDEX `unique_schema_migrations` ON `schema_migrations` (`version`)
  [1m[36m (12.6ms)[0m  [1mSELECT `schema_migrations`.`version` FROM `schema_migrations` [0m
Migrating to DeviseCreateUsers (20120616082007)
  [1m[35m (133.9ms)[0m  CREATE TABLE `users` (`id` int(11) DEFAULT NULL auto_increment PRIMARY KEY, `email` varchar(255) DEFAULT '' NOT NULL, `encrypted_password` varchar(255) DEFAULT '' NOT NULL, `reset_password_token` varchar(255), `reset_password_sent_at` datetime, `remember_created_at` datetime, `sign_in_count` int(11) DEFAULT 0, `current_sign_in_at` datetime, `last_sign_in_at` datetime, `current_sign_in_ip` varchar(255), `last_sign_in_ip` varchar(255), `created_at` datetime NOT NULL, `updated_at` datetime NOT NULL) ENGINE=InnoDB
  [1m[36m (333.8ms)[0m  [1mCREATE UNIQUE INDEX `index_users_on_email` ON `users` (`email`)[0m
  [1m[35m (334.0ms)[0m  CREATE UNIQUE INDEX `index_users_on_reset_password_token` ON `users` (`reset_password_token`)
  [1m[36m (55.1ms)[0m  [1mINSERT INTO `schema_migrations` (`version`) VALUES ('20120616082007')[0m
  [1m[35m (0.2ms)[0m  SELECT `schema_migrations`.`version` FROM `schema_migrations` 


Started GET "/assets/rails.png" for 127.0.0.1 at 2012-06-16 13:23:58 +0500
Served asset /rails.png - 304 Not Modified (30ms)
  [1m[36m (13.6ms)[0m  [1mSELECT `schema_migrations`.`version` FROM `schema_migrations` [0m
Migrating to DeviseCreateUsers (20120616082007)
Migrating to CreatePosts (20120616094349)
  [1m[35m (150.4ms)[0m  CREATE TABLE `posts` (`id` int(11) DEFAULT NULL auto_increment PRIMARY KEY, `title` varchar(255), `description` text, `created_at` datetime NOT NULL, `updated_at` datetime NOT NULL) ENGINE=InnoDB
  [1m[36m (77.4ms)[0m  [1mINSERT INTO `schema_migrations` (`version`) VALUES ('20120616094349')[0m
  [1m[35m (0.2ms)[0m  SELECT `schema_migrations`.`version` FROM `schema_migrations` 


Started GET "/" for 127.0.0.1 at 2012-06-16 14:48:20 +0500
Processing by PostsController#index as HTML
  [1m[36mPost Load (14.2ms)[0m  [1mSELECT `posts`.* FROM `posts` [0m
  Rendered posts/index.html.erb within layouts/application (23.2ms)
Compiled posts.css  (48ms)  (pid 10478)
Compiled scaffolds.css  (15ms)  (pid 10478)
Compiled application.css  (104ms)  (pid 10478)
Compiled jquery.js  (2ms)  (pid 10478)
Compiled jquery_ujs.js  (0ms)  (pid 10478)
Compiled posts.js  (164ms)  (pid 10478)
Compiled application.js  (238ms)  (pid 10478)
Completed 200 OK in 633ms (Views: 479.6ms | ActiveRecord: 15.2ms)


Started GET "/assets/application.css?body=1" for 127.0.0.1 at 2012-06-16 14:48:20 +0500
Served asset /application.css - 200 OK (39ms)


Started GET "/assets/scaffolds.css?body=1" for 127.0.0.1 at 2012-06-16 14:48:20 +0500
Served asset /scaffolds.css - 200 OK (2ms)


Started GET "/assets/posts.css?body=1" for 127.0.0.1 at 2012-06-16 14:48:20 +0500
Served asset /posts.css - 200 OK (5ms)


Started GET "/assets/jquery.js?body=1" for 127.0.0.1 at 2012-06-16 14:48:20 +0500
Served asset /jquery.js - 200 OK (3ms)


Started GET "/assets/jquery_ujs.js?body=1" for 127.0.0.1 at 2012-06-16 14:48:20 +0500
Served asset /jquery_ujs.js - 200 OK (4ms)


Started GET "/assets/posts.js?body=1" for 127.0.0.1 at 2012-06-16 14:48:20 +0500
Served asset /posts.js - 200 OK (2ms)


Started GET "/assets/application.js?body=1" for 127.0.0.1 at 2012-06-16 14:48:20 +0500
Served asset /application.js - 200 OK (9ms)


Started GET "/" for 127.0.0.1 at 2012-06-16 14:49:19 +0500
Processing by PostsController#index as HTML
Completed 401 Unauthorized in 22ms


Started GET "/users/sign_in" for 127.0.0.1 at 2012-06-16 14:49:19 +0500
Processing by Devise::SessionsController#new as HTML
  Rendered devise/shared/_links.erb (2.2ms)
  Rendered devise/sessions/new.html.erb within layouts/application (82.5ms)
Completed 200 OK in 106ms (Views: 89.9ms | ActiveRecord: 1.2ms)


Started GET "/assets/scaffolds.css?body=1" for 127.0.0.1 at 2012-06-16 14:49:19 +0500
Served asset /scaffolds.css - 304 Not Modified (0ms)


Started GET "/assets/application.js?body=1" for 127.0.0.1 at 2012-06-16 14:49:19 +0500
Served asset /application.js - 304 Not Modified (8ms)


Started GET "/assets/jquery_ujs.js?body=1" for 127.0.0.1 at 2012-06-16 14:49:19 +0500
Served asset /jquery_ujs.js - 304 Not Modified (0ms)


Started GET "/assets/posts.css?body=1" for 127.0.0.1 at 2012-06-16 14:49:19 +0500
Served asset /posts.css - 304 Not Modified (0ms)


Started GET "/assets/application.css?body=1" for 127.0.0.1 at 2012-06-16 14:49:19 +0500
Served asset /application.css - 304 Not Modified (0ms)


Started GET "/assets/jquery.js?body=1" for 127.0.0.1 at 2012-06-16 14:49:19 +0500
Served asset /jquery.js - 304 Not Modified (1ms)


Started GET "/assets/posts.js?body=1" for 127.0.0.1 at 2012-06-16 14:49:19 +0500
Served asset /posts.js - 304 Not Modified (0ms)


Started GET "/users/sign_up" for 127.0.0.1 at 2012-06-16 14:49:22 +0500
Processing by Devise::RegistrationsController#new as HTML
  Rendered devise/shared/_links.erb (0.9ms)
  Rendered devise/registrations/new.html.erb within layouts/application (5.9ms)
Completed 200 OK in 14ms (Views: 12.6ms | ActiveRecord: 0.0ms)


Started GET "/assets/application.css?body=1" for 127.0.0.1 at 2012-06-16 14:49:22 +0500
Served asset /application.css - 304 Not Modified (0ms)


Started GET "/assets/scaffolds.css?body=1" for 127.0.0.1 at 2012-06-16 14:49:22 +0500
Served asset /scaffolds.css - 304 Not Modified (0ms)


Started GET "/assets/posts.css?body=1" for 127.0.0.1 at 2012-06-16 14:49:22 +0500
Served asset /posts.css - 304 Not Modified (0ms)


Started GET "/assets/jquery.js?body=1" for 127.0.0.1 at 2012-06-16 14:49:22 +0500
Served asset /jquery.js - 304 Not Modified (1ms)


Started GET "/assets/posts.js?body=1" for 127.0.0.1 at 2012-06-16 14:49:22 +0500
Served asset /posts.js - 304 Not Modified (0ms)


Started GET "/assets/jquery_ujs.js?body=1" for 127.0.0.1 at 2012-06-16 14:49:22 +0500
Served asset /jquery_ujs.js - 304 Not Modified (0ms)


Started GET "/assets/application.js?body=1" for 127.0.0.1 at 2012-06-16 14:49:22 +0500
Served asset /application.js - 304 Not Modified (1ms)


Started POST "/users" for 127.0.0.1 at 2012-06-16 14:49:35 +0500
Processing by Devise::RegistrationsController#create as HTML
  Parameters: {"utf8"=>"✓", "authenticity_token"=>"rMVZYOLtOvRy6OGfpveiKy1w37egSt3Y+0OFiP5ryFg=", "user"=>{"email"=>"kashif.ali@ilsainteractive.com", "password"=>"[FILTERED]", "password_confirmation"=>"[FILTERED]"}, "commit"=>"Sign up"}
  [1m[35mSQL (0.1ms)[0m  BEGIN
  [1m[36mUser Exists (0.5ms)[0m  [1mSELECT 1 FROM `users` WHERE `users`.`email` = BINARY 'kashif.ali@ilsainteractive.com' LIMIT 1[0m
  [1m[35m (0.1ms)[0m  ROLLBACK
Completed 500 Internal Server Error in 287ms

NameError (undefined local variable or method `confirmed_at' for #<User:0xa97de70>):
  activemodel (3.2.3) lib/active_model/attribute_methods.rb:407:in `method_missing'
  activerecord (3.2.3) lib/active_record/attribute_methods.rb:148:in `method_missing'
  devise (2.1.0) lib/devise/models/confirmable.rb:68:in `confirmed?'
  devise (2.1.0) lib/devise/models/confirmable.rb:133:in `confirmation_required?'
  activesupport (3.2.3) lib/active_support/callbacks.rb:403:in `_run__941232192__create__586574562__callbacks'
  activesupport (3.2.3) lib/active_support/callbacks.rb:405:in `__run_callback'
  activesupport (3.2.3) lib/active_support/callbacks.rb:385:in `_run_create_callbacks'
  activesupport (3.2.3) lib/active_support/callbacks.rb:81:in `run_callbacks'
  activerecord (3.2.3) lib/active_record/callbacks.rb:268:in `create'
  activerecord (3.2.3) lib/active_record/persistence.rb:344:in `create_or_update'
  activerecord (3.2.3) lib/active_record/callbacks.rb:264:in `block in create_or_update'
  activesupport (3.2.3) lib/active_support/callbacks.rb:403:in `_run__941232192__save__586574562__callbacks'
  activesupport (3.2.3) lib/active_support/callbacks.rb:405:in `__run_callback'
  activesupport (3.2.3) lib/active_support/callbacks.rb:385:in `_run_save_callbacks'
  activesupport (3.2.3) lib/active_support/callbacks.rb:81:in `run_callbacks'
  activerecord (3.2.3) lib/active_record/callbacks.rb:264:in `create_or_update'
  activerecord (3.2.3) lib/active_record/persistence.rb:84:in `save'
  activerecord (3.2.3) lib/active_record/validations.rb:50:in `save'
  activerecord (3.2.3) lib/active_record/attribute_methods/dirty.rb:22:in `save'
  activerecord (3.2.3) lib/active_record/transactions.rb:241:in `block (2 levels) in save'
  activerecord (3.2.3) lib/active_record/transactions.rb:295:in `block in with_transaction_returning_status'
  activerecord (3.2.3) lib/active_record/connection_adapters/abstract/database_statements.rb:192:in `transaction'
  activerecord (3.2.3) lib/active_record/transactions.rb:208:in `transaction'
  activerecord (3.2.3) lib/active_record/transactions.rb:293:in `with_transaction_returning_status'
  activerecord (3.2.3) lib/active_record/transactions.rb:241:in `block in save'
  activerecord (3.2.3) lib/active_record/transactions.rb:252:in `rollback_active_record_state!'
  activerecord (3.2.3) lib/active_record/transactions.rb:240:in `save'
  devise (2.1.0) app/controllers/devise/registrations_controller.rb:15:in `create'
  actionpack (3.2.3) lib/action_controller/metal/implicit_render.rb:4:in `send_action'
  actionpack (3.2.3) lib/abstract_controller/base.rb:167:in `process_action'
  actionpack (3.2.3) lib/action_controller/metal/rendering.rb:10:in `process_action'
  actionpack (3.2.3) lib/abstract_controller/callbacks.rb:18:in `block in process_action'
  activesupport (3.2.3) lib/active_support/callbacks.rb:447:in `_run__1059911204__process_action__235354874__callbacks'
  activesupport (3.2.3) lib/active_support/callbacks.rb:405:in `__run_callback'
  activesupport (3.2.3) lib/active_support/callbacks.rb:385:in `_run_process_action_callbacks'
  activesupport (3.2.3) lib/active_support/callbacks.rb:81:in `run_callbacks'
  actionpack (3.2.3) lib/abstract_controller/callbacks.rb:17:in `process_action'
  actionpack (3.2.3) lib/action_controller/metal/rescue.rb:29:in `process_action'
  actionpack (3.2.3) lib/action_controller/metal/instrumentation.rb:30:in `block in process_action'
  activesupport (3.2.3) lib/active_support/notifications.rb:123:in `block in instrument'
  activesupport (3.2.3) lib/active_support/notifications/instrumenter.rb:20:in `instrument'
  activesupport (3.2.3) lib/active_support/notifications.rb:123:in `instrument'
  actionpack (3.2.3) lib/action_controller/metal/instrumentation.rb:29:in `process_action'
  actionpack (3.2.3) lib/action_controller/metal/params_wrapper.rb:205:in `process_action'
  activerecord (3.2.3) lib/active_record/railties/controller_runtime.rb:18:in `process_action'
  actionpack (3.2.3) lib/abstract_controller/base.rb:121:in `process'
  actionpack (3.2.3) lib/abstract_controller/rendering.rb:45:in `process'
  actionpack (3.2.3) lib/action_controller/metal.rb:203:in `dispatch'
  actionpack (3.2.3) lib/action_controller/metal/rack_delegation.rb:14:in `dispatch'
  actionpack (3.2.3) lib/action_controller/metal.rb:246:in `block in action'
  actionpack (3.2.3) lib/action_dispatch/routing/route_set.rb:73:in `call'
  actionpack (3.2.3) lib/action_dispatch/routing/route_set.rb:73:in `dispatch'
  actionpack (3.2.3) lib/action_dispatch/routing/route_set.rb:36:in `call'
  actionpack (3.2.3) lib/action_dispatch/routing/mapper.rb:40:in `call'
  journey (1.0.4) lib/journey/router.rb:68:in `block in call'
  journey (1.0.4) lib/journey/router.rb:56:in `each'
  journey (1.0.4) lib/journey/router.rb:56:in `call'
  actionpack (3.2.3) lib/action_dispatch/routing/route_set.rb:600:in `call'
  warden (1.1.1) lib/warden/manager.rb:35:in `block in call'
  warden (1.1.1) lib/warden/manager.rb:34:in `catch'
  warden (1.1.1) lib/warden/manager.rb:34:in `call'
  actionpack (3.2.3) lib/action_dispatch/middleware/best_standards_support.rb:17:in `call'
  rack (1.4.1) lib/rack/etag.rb:23:in `call'
  rack (1.4.1) lib/rack/conditionalget.rb:35:in `call'
  actionpack (3.2.3) lib/action_dispatch/middleware/head.rb:14:in `call'
  actionpack (3.2.3) lib/action_dispatch/middleware/params_parser.rb:21:in `call'
  actionpack (3.2.3) lib/action_dispatch/middleware/flash.rb:242:in `call'
  rack (1.4.1) lib/rack/session/abstract/id.rb:205:in `context'
  rack (1.4.1) lib/rack/session/abstract/id.rb:200:in `call'
  actionpack (3.2.3) lib/action_dispatch/middleware/cookies.rb:338:in `call'
  activerecord (3.2.3) lib/active_record/query_cache.rb:64:in `call'
  activerecord (3.2.3) lib/active_record/connection_adapters/abstract/connection_pool.rb:467:in `call'
  actionpack (3.2.3) lib/action_dispatch/middleware/callbacks.rb:28:in `block in call'
  activesupport (3.2.3) lib/active_support/callbacks.rb:405:in `_run__495512746__call__586574562__callbacks'
  activesupport (3.2.3) lib/active_support/callbacks.rb:405:in `__run_callback'
  activesupport (3.2.3) lib/active_support/callbacks.rb:385:in `_run_call_callbacks'
  activesupport (3.2.3) lib/active_support/callbacks.rb:81:in `run_callbacks'
  actionpack (3.2.3) lib/action_dispatch/middleware/callbacks.rb:27:in `call'
  actionpack (3.2.3) lib/action_dispatch/middleware/reloader.rb:65:in `call'
  actionpack (3.2.3) lib/action_dispatch/middleware/remote_ip.rb:31:in `call'
  actionpack (3.2.3) lib/action_dispatch/middleware/debug_exceptions.rb:16:in `call'
  actionpack (3.2.3) lib/action_dispatch/middleware/show_exceptions.rb:56:in `call'
  railties (3.2.3) lib/rails/rack/logger.rb:26:in `call_app'
  railties (3.2.3) lib/rails/rack/logger.rb:16:in `call'
  actionpack (3.2.3) lib/action_dispatch/middleware/request_id.rb:22:in `call'
  rack (1.4.1) lib/rack/methodoverride.rb:21:in `call'
  rack (1.4.1) lib/rack/runtime.rb:17:in `call'
  activesupport (3.2.3) lib/active_support/cache/strategy/local_cache.rb:72:in `call'
  rack (1.4.1) lib/rack/lock.rb:15:in `call'
  actionpack (3.2.3) lib/action_dispatch/middleware/static.rb:62:in `call'
  railties (3.2.3) lib/rails/engine.rb:479:in `call'
  railties (3.2.3) lib/rails/application.rb:220:in `call'
  rack (1.4.1) lib/rack/content_length.rb:14:in `call'
  railties (3.2.3) lib/rails/rack/log_tailer.rb:14:in `call'
  rack (1.4.1) lib/rack/handler/webrick.rb:59:in `service'
  /home/ramiz/.rvm/rubies/ruby-1.9.2-p290/lib/ruby/1.9.1/webrick/httpserver.rb:111:in `service'
  /home/ramiz/.rvm/rubies/ruby-1.9.2-p290/lib/ruby/1.9.1/webrick/httpserver.rb:70:in `run'
  /home/ramiz/.rvm/rubies/ruby-1.9.2-p290/lib/ruby/1.9.1/webrick/server.rb:183:in `block in start_thread'


  Rendered /home/ramiz/.rvm/gems/ruby-1.9.2-p290/gems/actionpack-3.2.3/lib/action_dispatch/middleware/templates/rescues/_trace.erb (5.0ms)
  Rendered /home/ramiz/.rvm/gems/ruby-1.9.2-p290/gems/actionpack-3.2.3/lib/action_dispatch/middleware/templates/rescues/_request_and_response.erb (1.4ms)
  Rendered /home/ramiz/.rvm/gems/ruby-1.9.2-p290/gems/actionpack-3.2.3/lib/action_dispatch/middleware/templates/rescues/diagnostics.erb within rescues/layout (14.9ms)


Started POST "/users" for 127.0.0.1 at 2012-06-16 14:50:17 +0500
Processing by Devise::RegistrationsController#create as HTML
  Parameters: {"utf8"=>"✓", "authenticity_token"=>"rMVZYOLtOvRy6OGfpveiKy1w37egSt3Y+0OFiP5ryFg=", "user"=>{"email"=>"kashif.ali@ilsainteractive.com", "password"=>"[FILTERED]", "password_confirmation"=>"[FILTERED]"}, "commit"=>"Sign up"}
  [1m[36mSQL (0.1ms)[0m  [1mBEGIN[0m
  [1m[35mUser Exists (0.4ms)[0m  SELECT 1 FROM `users` WHERE `users`.`email` = BINARY 'kashif.ali@ilsainteractive.com' LIMIT 1
  [1m[36mSQL (31.0ms)[0m  [1mINSERT INTO `users` (`created_at`, `current_sign_in_at`, `current_sign_in_ip`, `email`, `encrypted_password`, `last_sign_in_at`, `last_sign_in_ip`, `remember_created_at`, `reset_password_sent_at`, `reset_password_token`, `sign_in_count`, `updated_at`) VALUES (?, ?, ?, ?, ?, ?, ?, ?, ?, ?, ?, ?)[0m  [["created_at", Sat, 16 Jun 2012 09:50:17 UTC +00:00], ["current_sign_in_at", nil], ["current_sign_in_ip", nil], ["email", "kashif.ali@ilsainteractive.com"], ["encrypted_password", "$2a$10$og2y3mC7PF1cpBN083VMAOFZGcZpgkn1.I0ePYTNDBsFcpSm.0LuW"], ["last_sign_in_at", nil], ["last_sign_in_ip", nil], ["remember_created_at", nil], ["reset_password_sent_at", nil], ["reset_password_token", nil], ["sign_in_count", 0], ["updated_at", Sat, 16 Jun 2012 09:50:17 UTC +00:00]]
  [1m[35m (84.3ms)[0m  COMMIT
  [1m[36mSQL (0.1ms)[0m  [1mBEGIN[0m
  [1m[35m (0.4ms)[0m  UPDATE `users` SET `last_sign_in_at` = '2012-06-16 09:50:18', `current_sign_in_at` = '2012-06-16 09:50:18', `last_sign_in_ip` = '127.0.0.1', `current_sign_in_ip` = '127.0.0.1', `sign_in_count` = 1, `updated_at` = '2012-06-16 09:50:18' WHERE `users`.`id` = 1
  [1m[36m (51.3ms)[0m  [1mCOMMIT[0m
Redirected to http://localhost:3000/
Completed 302 Found in 403ms (ActiveRecord: 0.0ms)


Started GET "/" for 127.0.0.1 at 2012-06-16 14:50:18 +0500
Processing by PostsController#index as HTML
  [1m[35mUser Load (0.8ms)[0m  SELECT `users`.* FROM `users` WHERE `users`.`id` = 1 LIMIT 1
  [1m[36mPost Load (0.2ms)[0m  [1mSELECT `posts`.* FROM `posts` [0m
  Rendered posts/index.html.erb within layouts/application (0.5ms)
Completed 200 OK in 53ms (Views: 6.4ms | ActiveRecord: 2.1ms)


Started GET "/assets/application.css?body=1" for 127.0.0.1 at 2012-06-16 14:50:18 +0500
Served asset /application.css - 304 Not Modified (0ms)


Started GET "/assets/posts.css?body=1" for 127.0.0.1 at 2012-06-16 14:50:18 +0500
Served asset /posts.css - 304 Not Modified (0ms)


Started GET "/assets/scaffolds.css?body=1" for 127.0.0.1 at 2012-06-16 14:50:18 +0500
Served asset /scaffolds.css - 304 Not Modified (0ms)


Started GET "/assets/posts.js?body=1" for 127.0.0.1 at 2012-06-16 14:50:18 +0500
Served asset /posts.js - 304 Not Modified (2ms)


Started GET "/assets/jquery_ujs.js?body=1" for 127.0.0.1 at 2012-06-16 14:50:18 +0500
Served asset /jquery_ujs.js - 304 Not Modified (2ms)


Started GET "/assets/jquery.js?body=1" for 127.0.0.1 at 2012-06-16 14:50:18 +0500
Served asset /jquery.js - 304 Not Modified (1ms)


Started GET "/assets/application.js?body=1" for 127.0.0.1 at 2012-06-16 14:50:18 +0500
Served asset /application.js - 304 Not Modified (7ms)


Started GET "/sign_out" for 127.0.0.1 at 2012-06-16 14:50:30 +0500

ActionController::RoutingError (No route matches [GET] "/sign_out"):
  actionpack (3.2.3) lib/action_dispatch/middleware/debug_exceptions.rb:21:in `call'
  actionpack (3.2.3) lib/action_dispatch/middleware/show_exceptions.rb:56:in `call'
  railties (3.2.3) lib/rails/rack/logger.rb:26:in `call_app'
  railties (3.2.3) lib/rails/rack/logger.rb:16:in `call'
  actionpack (3.2.3) lib/action_dispatch/middleware/request_id.rb:22:in `call'
  rack (1.4.1) lib/rack/methodoverride.rb:21:in `call'
  rack (1.4.1) lib/rack/runtime.rb:17:in `call'
  activesupport (3.2.3) lib/active_support/cache/strategy/local_cache.rb:72:in `call'
  rack (1.4.1) lib/rack/lock.rb:15:in `call'
  actionpack (3.2.3) lib/action_dispatch/middleware/static.rb:62:in `call'
  railties (3.2.3) lib/rails/engine.rb:479:in `call'
  railties (3.2.3) lib/rails/application.rb:220:in `call'
  rack (1.4.1) lib/rack/content_length.rb:14:in `call'
  railties (3.2.3) lib/rails/rack/log_tailer.rb:14:in `call'
  rack (1.4.1) lib/rack/handler/webrick.rb:59:in `service'
  /home/ramiz/.rvm/rubies/ruby-1.9.2-p290/lib/ruby/1.9.1/webrick/httpserver.rb:111:in `service'
  /home/ramiz/.rvm/rubies/ruby-1.9.2-p290/lib/ruby/1.9.1/webrick/httpserver.rb:70:in `run'
  /home/ramiz/.rvm/rubies/ruby-1.9.2-p290/lib/ruby/1.9.1/webrick/server.rb:183:in `block in start_thread'


  Rendered /home/ramiz/.rvm/gems/ruby-1.9.2-p290/gems/actionpack-3.2.3/lib/action_dispatch/middleware/templates/rescues/routing_error.erb within rescues/layout (0.7ms)


Started GET "/users/sign_out" for 127.0.0.1 at 2012-06-16 14:50:39 +0500

ActionController::RoutingError (No route matches [GET] "/users/sign_out"):
  actionpack (3.2.3) lib/action_dispatch/middleware/debug_exceptions.rb:21:in `call'
  actionpack (3.2.3) lib/action_dispatch/middleware/show_exceptions.rb:56:in `call'
  railties (3.2.3) lib/rails/rack/logger.rb:26:in `call_app'
  railties (3.2.3) lib/rails/rack/logger.rb:16:in `call'
  actionpack (3.2.3) lib/action_dispatch/middleware/request_id.rb:22:in `call'
  rack (1.4.1) lib/rack/methodoverride.rb:21:in `call'
  rack (1.4.1) lib/rack/runtime.rb:17:in `call'
  activesupport (3.2.3) lib/active_support/cache/strategy/local_cache.rb:72:in `call'
  rack (1.4.1) lib/rack/lock.rb:15:in `call'
  actionpack (3.2.3) lib/action_dispatch/middleware/static.rb:62:in `call'
  railties (3.2.3) lib/rails/engine.rb:479:in `call'
  railties (3.2.3) lib/rails/application.rb:220:in `call'
  rack (1.4.1) lib/rack/content_length.rb:14:in `call'
  railties (3.2.3) lib/rails/rack/log_tailer.rb:14:in `call'
  rack (1.4.1) lib/rack/handler/webrick.rb:59:in `service'
  /home/ramiz/.rvm/rubies/ruby-1.9.2-p290/lib/ruby/1.9.1/webrick/httpserver.rb:111:in `service'
  /home/ramiz/.rvm/rubies/ruby-1.9.2-p290/lib/ruby/1.9.1/webrick/httpserver.rb:70:in `run'
  /home/ramiz/.rvm/rubies/ruby-1.9.2-p290/lib/ruby/1.9.1/webrick/server.rb:183:in `block in start_thread'


  Rendered /home/ramiz/.rvm/gems/ruby-1.9.2-p290/gems/actionpack-3.2.3/lib/action_dispatch/middleware/templates/rescues/routing_error.erb within rescues/layout (0.8ms)


Started GET "/users/sign_in" for 127.0.0.1 at 2012-06-16 14:51:04 +0500
Processing by Devise::SessionsController#new as HTML
  [1m[35mUser Load (0.4ms)[0m  SELECT `users`.* FROM `users` WHERE `users`.`id` = 1 LIMIT 1
Redirected to http://localhost:3000/
Filter chain halted as :require_no_authentication rendered or redirected
Completed 302 Found in 3ms (ActiveRecord: 0.4ms)


Started GET "/" for 127.0.0.1 at 2012-06-16 14:51:04 +0500
Processing by PostsController#index as HTML
  [1m[36mUser Load (0.4ms)[0m  [1mSELECT `users`.* FROM `users` WHERE `users`.`id` = 1 LIMIT 1[0m
  [1m[35mPost Load (0.2ms)[0m  SELECT `posts`.* FROM `posts` 
  Rendered posts/index.html.erb within layouts/application (0.4ms)
Completed 200 OK in 8ms (Views: 6.1ms | ActiveRecord: 0.7ms)


Started GET "/assets/application.css?body=1" for 127.0.0.1 at 2012-06-16 14:51:04 +0500
Served asset /application.css - 304 Not Modified (5ms)


Started GET "/assets/scaffolds.css?body=1" for 127.0.0.1 at 2012-06-16 14:51:04 +0500
Served asset /scaffolds.css - 304 Not Modified (0ms)


Started GET "/assets/posts.css?body=1" for 127.0.0.1 at 2012-06-16 14:51:04 +0500
Served asset /posts.css - 304 Not Modified (0ms)


Started GET "/assets/jquery_ujs.js?body=1" for 127.0.0.1 at 2012-06-16 14:51:04 +0500
Served asset /jquery_ujs.js - 304 Not Modified (11ms)


Started GET "/assets/application.js?body=1" for 127.0.0.1 at 2012-06-16 14:51:04 +0500
Served asset /application.js - 304 Not Modified (3ms)


Started GET "/assets/jquery.js?body=1" for 127.0.0.1 at 2012-06-16 14:51:04 +0500
Served asset /jquery.js - 304 Not Modified (1ms)


Started GET "/assets/posts.js?body=1" for 127.0.0.1 at 2012-06-16 14:51:04 +0500
Served asset /posts.js - 304 Not Modified (0ms)


Started GET "/users/sign_out" for 127.0.0.1 at 2012-06-16 14:51:18 +0500

ActionController::RoutingError (No route matches [GET] "/users/sign_out"):
  actionpack (3.2.3) lib/action_dispatch/middleware/debug_exceptions.rb:21:in `call'
  actionpack (3.2.3) lib/action_dispatch/middleware/show_exceptions.rb:56:in `call'
  railties (3.2.3) lib/rails/rack/logger.rb:26:in `call_app'
  railties (3.2.3) lib/rails/rack/logger.rb:16:in `call'
  actionpack (3.2.3) lib/action_dispatch/middleware/request_id.rb:22:in `call'
  rack (1.4.1) lib/rack/methodoverride.rb:21:in `call'
  rack (1.4.1) lib/rack/runtime.rb:17:in `call'
  activesupport (3.2.3) lib/active_support/cache/strategy/local_cache.rb:72:in `call'
  rack (1.4.1) lib/rack/lock.rb:15:in `call'
  actionpack (3.2.3) lib/action_dispatch/middleware/static.rb:62:in `call'
  railties (3.2.3) lib/rails/engine.rb:479:in `call'
  railties (3.2.3) lib/rails/application.rb:220:in `call'
  rack (1.4.1) lib/rack/content_length.rb:14:in `call'
  railties (3.2.3) lib/rails/rack/log_tailer.rb:14:in `call'
  rack (1.4.1) lib/rack/handler/webrick.rb:59:in `service'
  /home/ramiz/.rvm/rubies/ruby-1.9.2-p290/lib/ruby/1.9.1/webrick/httpserver.rb:111:in `service'
  /home/ramiz/.rvm/rubies/ruby-1.9.2-p290/lib/ruby/1.9.1/webrick/httpserver.rb:70:in `run'
  /home/ramiz/.rvm/rubies/ruby-1.9.2-p290/lib/ruby/1.9.1/webrick/server.rb:183:in `block in start_thread'


  Rendered /home/ramiz/.rvm/gems/ruby-1.9.2-p290/gems/actionpack-3.2.3/lib/action_dispatch/middleware/templates/rescues/routing_error.erb within rescues/layout (0.8ms)


Started GET "/users/sign_out" for 127.0.0.1 at 2012-06-16 14:52:19 +0500

ActionController::RoutingError (No route matches [GET] "/users/sign_out"):
  actionpack (3.2.3) lib/action_dispatch/middleware/debug_exceptions.rb:21:in `call'
  actionpack (3.2.3) lib/action_dispatch/middleware/show_exceptions.rb:56:in `call'
  railties (3.2.3) lib/rails/rack/logger.rb:26:in `call_app'
  railties (3.2.3) lib/rails/rack/logger.rb:16:in `call'
  actionpack (3.2.3) lib/action_dispatch/middleware/request_id.rb:22:in `call'
  rack (1.4.1) lib/rack/methodoverride.rb:21:in `call'
  rack (1.4.1) lib/rack/runtime.rb:17:in `call'
  activesupport (3.2.3) lib/active_support/cache/strategy/local_cache.rb:72:in `call'
  rack (1.4.1) lib/rack/lock.rb:15:in `call'
  actionpack (3.2.3) lib/action_dispatch/middleware/static.rb:62:in `call'
  railties (3.2.3) lib/rails/engine.rb:479:in `call'
  railties (3.2.3) lib/rails/application.rb:220:in `call'
  rack (1.4.1) lib/rack/content_length.rb:14:in `call'
  railties (3.2.3) lib/rails/rack/log_tailer.rb:14:in `call'
  rack (1.4.1) lib/rack/handler/webrick.rb:59:in `service'
  /home/ramiz/.rvm/rubies/ruby-1.9.2-p290/lib/ruby/1.9.1/webrick/httpserver.rb:111:in `service'
  /home/ramiz/.rvm/rubies/ruby-1.9.2-p290/lib/ruby/1.9.1/webrick/httpserver.rb:70:in `run'
  /home/ramiz/.rvm/rubies/ruby-1.9.2-p290/lib/ruby/1.9.1/webrick/server.rb:183:in `block in start_thread'


  Rendered /home/ramiz/.rvm/gems/ruby-1.9.2-p290/gems/actionpack-3.2.3/lib/action_dispatch/middleware/templates/rescues/routing_error.erb within rescues/layout (0.8ms)
DEPRECATION WARNING: Passing a block to devise_for is deprecated. Please remove the block from devise_for (only the block, the call to devise_for must still exist) and call devise_scope :user do ... end with the block instead. (called from block in <top (required)> at /home/ramiz/Generate-PDF-using-wicked_pdf/config/routes.rb:32)


Started GET "/posts/new" for 127.0.0.1 at 2012-06-16 14:55:00 +0500
Processing by PostsController#new as HTML
  [1m[36mUser Load (14.5ms)[0m  [1mSELECT `users`.* FROM `users` WHERE `users`.`id` = 1 LIMIT 1[0m
  Rendered posts/_form.html.erb (10.9ms)
  Rendered posts/new.html.erb within layouts/application (71.0ms)
Completed 200 OK in 381ms (Views: 147.1ms | ActiveRecord: 16.7ms)


Started GET "/assets/jquery_ujs.js?body=1" for 127.0.0.1 at 2012-06-16 14:55:01 +0500
Served asset /jquery_ujs.js - 304 Not Modified (5ms)


Started GET "/assets/jquery.js?body=1" for 127.0.0.1 at 2012-06-16 14:55:01 +0500
Served asset /jquery.js - 304 Not Modified (4ms)


Started GET "/assets/posts.css?body=1" for 127.0.0.1 at 2012-06-16 14:55:01 +0500
Served asset /posts.css - 304 Not Modified (2ms)


Started GET "/assets/scaffolds.css?body=1" for 127.0.0.1 at 2012-06-16 14:55:01 +0500
Served asset /scaffolds.css - 304 Not Modified (2ms)


Started GET "/assets/application.css?body=1" for 127.0.0.1 at 2012-06-16 14:55:01 +0500
Served asset /application.css - 304 Not Modified (5ms)


Started GET "/assets/posts.js?body=1" for 127.0.0.1 at 2012-06-16 14:55:01 +0500
Served asset /posts.js - 304 Not Modified (1ms)


Started GET "/assets/application.js?body=1" for 127.0.0.1 at 2012-06-16 14:55:01 +0500
Served asset /application.js - 304 Not Modified (7ms)


Started GET "/sign_out" for 127.0.0.1 at 2012-06-16 14:55:09 +0500
Processing by Devise::SessionsController#destroy as HTML
  [1m[35mUser Load (0.5ms)[0m  SELECT `users`.* FROM `users` WHERE `users`.`id` = 1 LIMIT 1
  [1m[36mSQL (0.1ms)[0m  [1mBEGIN[0m
  [1m[35m (0.1ms)[0m  COMMIT
Redirected to http://localhost:3000/
Completed 302 Found in 15ms (ActiveRecord: 0.7ms)


Started GET "/" for 127.0.0.1 at 2012-06-16 14:55:09 +0500
Processing by PostsController#index as HTML
Completed 401 Unauthorized in 1ms


Started GET "/users/sign_in" for 127.0.0.1 at 2012-06-16 14:55:09 +0500
Processing by Devise::SessionsController#new as HTML
  Rendered devise/shared/_links.erb (1.7ms)
  Rendered devise/sessions/new.html.erb within layouts/application (7.0ms)
Completed 200 OK in 16ms (Views: 15.1ms | ActiveRecord: 0.0ms)


Started GET "/assets/application.css?body=1" for 127.0.0.1 at 2012-06-16 14:55:09 +0500
Served asset /application.css - 304 Not Modified (11ms)


Started GET "/assets/posts.js?body=1" for 127.0.0.1 at 2012-06-16 14:55:09 +0500
Served asset /posts.js - 304 Not Modified (0ms)


Started GET "/assets/jquery_ujs.js?body=1" for 127.0.0.1 at 2012-06-16 14:55:09 +0500
Served asset /jquery_ujs.js - 304 Not Modified (0ms)


Started GET "/assets/posts.css?body=1" for 127.0.0.1 at 2012-06-16 14:55:09 +0500
Served asset /posts.css - 304 Not Modified (0ms)


Started GET "/assets/scaffolds.css?body=1" for 127.0.0.1 at 2012-06-16 14:55:09 +0500
Served asset /scaffolds.css - 304 Not Modified (0ms)


Started GET "/assets/jquery.js?body=1" for 127.0.0.1 at 2012-06-16 14:55:09 +0500
Served asset /jquery.js - 304 Not Modified (1ms)


Started GET "/assets/application.js?body=1" for 127.0.0.1 at 2012-06-16 14:55:09 +0500
Served asset /application.js - 304 Not Modified (2ms)


Started POST "/users/sign_in" for 127.0.0.1 at 2012-06-16 14:57:14 +0500
DEPRECATION WARNING: Passing a block to devise_for is deprecated. Please remove the block from devise_for (only the block, the call to devise_for must still exist) and call devise_scope :user do ... end with the block instead. (called from block in <top (required)> at /home/ramiz/Generate-PDF-using-wicked_pdf/config/routes.rb:32)
Processing by Devise::SessionsController#create as HTML
  Parameters: {"utf8"=>"✓", "authenticity_token"=>"niDAUKVz/aFziPbxVPMPnP121JOikvXpH6LXEcWlNe0=", "user"=>{"email"=>"kashif.ali@ilsainteractive.com", "password"=>"[FILTERED]", "remember_me"=>"0"}, "commit"=>"Sign in"}
  [1m[36mUser Load (0.5ms)[0m  [1mSELECT `users`.* FROM `users` WHERE `users`.`email` = 'kashif.ali@ilsainteractive.com' LIMIT 1[0m
Completed 401 Unauthorized in 139ms
Processing by Devise::SessionsController#new as HTML
  Parameters: {"utf8"=>"✓", "authenticity_token"=>"niDAUKVz/aFziPbxVPMPnP121JOikvXpH6LXEcWlNe0=", "user"=>{"email"=>"kashif.ali@ilsainteractive.com", "password"=>"[FILTERED]", "remember_me"=>"0"}, "commit"=>"Sign in"}
  Rendered devise/shared/_links.erb (0.6ms)
  Rendered devise/sessions/new.html.erb within layouts/application (5.2ms)
Completed 200 OK in 121ms (Views: 13.4ms | ActiveRecord: 0.0ms)


Started GET "/assets/application.css?body=1" for 127.0.0.1 at 2012-06-16 14:57:14 +0500
Served asset /application.css - 304 Not Modified (0ms)


Started GET "/assets/posts.css?body=1" for 127.0.0.1 at 2012-06-16 14:57:14 +0500
Served asset /posts.css - 304 Not Modified (3ms)


Started GET "/assets/scaffolds.css?body=1" for 127.0.0.1 at 2012-06-16 14:57:14 +0500
Served asset /scaffolds.css - 304 Not Modified (0ms)


Started GET "/assets/application.js?body=1" for 127.0.0.1 at 2012-06-16 14:57:14 +0500
Served asset /application.js - 304 Not Modified (1ms)


Started GET "/assets/jquery.js?body=1" for 127.0.0.1 at 2012-06-16 14:57:14 +0500
Served asset /jquery.js - 304 Not Modified (1ms)


Started GET "/assets/posts.js?body=1" for 127.0.0.1 at 2012-06-16 14:57:14 +0500
Served asset /posts.js - 304 Not Modified (0ms)


Started GET "/assets/jquery_ujs.js?body=1" for 127.0.0.1 at 2012-06-16 14:57:14 +0500
Served asset /jquery_ujs.js - 304 Not Modified (0ms)


Started POST "/users/sign_in" for 127.0.0.1 at 2012-06-16 14:57:21 +0500
Processing by Devise::SessionsController#create as HTML
  Parameters: {"utf8"=>"✓", "authenticity_token"=>"niDAUKVz/aFziPbxVPMPnP121JOikvXpH6LXEcWlNe0=", "user"=>{"email"=>"kashif.ali@ilsainteractive.com", "password"=>"[FILTERED]", "remember_me"=>"0"}, "commit"=>"Sign in"}
  [1m[35mUser Load (0.5ms)[0m  SELECT `users`.* FROM `users` WHERE `users`.`email` = 'kashif.ali@ilsainteractive.com' LIMIT 1
  [1m[36mSQL (0.1ms)[0m  [1mBEGIN[0m
  [1m[35m (0.5ms)[0m  UPDATE `users` SET `current_sign_in_at` = '2012-06-16 09:57:21', `sign_in_count` = 2, `updated_at` = '2012-06-16 09:57:21' WHERE `users`.`id` = 1
  [1m[36m (138.0ms)[0m  [1mCOMMIT[0m
Redirected to http://localhost:3000/
Completed 302 Found in 317ms (ActiveRecord: 0.0ms)


Started GET "/" for 127.0.0.1 at 2012-06-16 14:57:21 +0500
Processing by PostsController#index as HTML
  [1m[35mUser Load (0.6ms)[0m  SELECT `users`.* FROM `users` WHERE `users`.`id` = 1 LIMIT 1
  [1m[36mPost Load (0.2ms)[0m  [1mSELECT `posts`.* FROM `posts` [0m
  Rendered posts/index.html.erb within layouts/application (1.3ms)
Completed 200 OK in 16ms (Views: 10.0ms | ActiveRecord: 1.9ms)


Started GET "/assets/application.css?body=1" for 127.0.0.1 at 2012-06-16 14:57:21 +0500
Served asset /application.css - 304 Not Modified (0ms)


Started GET "/assets/posts.css?body=1" for 127.0.0.1 at 2012-06-16 14:57:21 +0500
Served asset /posts.css - 304 Not Modified (6ms)


Started GET "/assets/scaffolds.css?body=1" for 127.0.0.1 at 2012-06-16 14:57:21 +0500
Served asset /scaffolds.css - 304 Not Modified (0ms)


Started GET "/assets/posts.js?body=1" for 127.0.0.1 at 2012-06-16 14:57:21 +0500
Served asset /posts.js - 304 Not Modified (0ms)


Started GET "/assets/jquery_ujs.js?body=1" for 127.0.0.1 at 2012-06-16 14:57:21 +0500
Served asset /jquery_ujs.js - 304 Not Modified (0ms)


Started GET "/assets/application.js?body=1" for 127.0.0.1 at 2012-06-16 14:57:21 +0500
Served asset /application.js - 304 Not Modified (2ms)


Started GET "/assets/jquery.js?body=1" for 127.0.0.1 at 2012-06-16 14:57:21 +0500
Served asset /jquery.js - 304 Not Modified (1ms)


Started GET "/posts/new" for 127.0.0.1 at 2012-06-16 14:57:23 +0500
Processing by PostsController#new as HTML
  [1m[35mUser Load (0.4ms)[0m  SELECT `users`.* FROM `users` WHERE `users`.`id` = 1 LIMIT 1
  Rendered posts/_form.html.erb (3.9ms)
  Rendered posts/new.html.erb within layouts/application (5.0ms)
Completed 200 OK in 19ms (Views: 12.4ms | ActiveRecord: 0.4ms)


Started GET "/assets/application.css?body=1" for 127.0.0.1 at 2012-06-16 14:57:23 +0500
Served asset /application.css - 304 Not Modified (9ms)


Started GET "/assets/jquery.js?body=1" for 127.0.0.1 at 2012-06-16 14:57:23 +0500
Served asset /jquery.js - 304 Not Modified (1ms)


Started GET "/assets/jquery_ujs.js?body=1" for 127.0.0.1 at 2012-06-16 14:57:23 +0500
Served asset /jquery_ujs.js - 304 Not Modified (0ms)


Started GET "/assets/posts.css?body=1" for 127.0.0.1 at 2012-06-16 14:57:23 +0500
Served asset /posts.css - 304 Not Modified (0ms)


Started GET "/assets/scaffolds.css?body=1" for 127.0.0.1 at 2012-06-16 14:57:23 +0500
Served asset /scaffolds.css - 304 Not Modified (0ms)


Started GET "/assets/posts.js?body=1" for 127.0.0.1 at 2012-06-16 14:57:23 +0500
Served asset /posts.js - 304 Not Modified (0ms)


Started GET "/assets/application.js?body=1" for 127.0.0.1 at 2012-06-16 14:57:23 +0500
Served asset /application.js - 304 Not Modified (1ms)


Started POST "/posts" for 127.0.0.1 at 2012-06-16 14:57:36 +0500
Processing by PostsController#create as HTML
  Parameters: {"utf8"=>"✓", "authenticity_token"=>"niDAUKVz/aFziPbxVPMPnP121JOikvXpH6LXEcWlNe0=", "post"=>{"title"=>"Zardai", "description"=>"Kanjrrrrrrrrrrrrrrrrrrrrrrrrrrrrrrr"}, "commit"=>"Create Post"}
  [1m[36mUser Load (0.7ms)[0m  [1mSELECT `users`.* FROM `users` WHERE `users`.`id` = 1 LIMIT 1[0m
  [1m[35mSQL (0.1ms)[0m  BEGIN
  [1m[36mSQL (1.7ms)[0m  [1mINSERT INTO `posts` (`created_at`, `description`, `title`, `updated_at`) VALUES (?, ?, ?, ?)[0m  [["created_at", Sat, 16 Jun 2012 09:57:36 UTC +00:00], ["description", "Kanjrrrrrrrrrrrrrrrrrrrrrrrrrrrrrrr"], ["title", "Zardai"], ["updated_at", Sat, 16 Jun 2012 09:57:36 UTC +00:00]]
  [1m[35m (49.2ms)[0m  COMMIT
Redirected to http://localhost:3000/posts/1
Completed 302 Found in 59ms (ActiveRecord: 51.6ms)


Started GET "/posts/1" for 127.0.0.1 at 2012-06-16 14:57:36 +0500
Processing by PostsController#show as HTML
  Parameters: {"id"=>"1"}
  [1m[36mUser Load (0.4ms)[0m  [1mSELECT `users`.* FROM `users` WHERE `users`.`id` = 1 LIMIT 1[0m
  [1m[35mPost Load (0.5ms)[0m  SELECT `posts`.* FROM `posts` WHERE `posts`.`id` = ? LIMIT 1  [["id", "1"]]
  Rendered posts/show.html.erb within layouts/application (1.5ms)
Completed 200 OK in 13ms (Views: 9.3ms | ActiveRecord: 0.9ms)


Started GET "/assets/application.css?body=1" for 127.0.0.1 at 2012-06-16 14:57:36 +0500
Served asset /application.css - 304 Not Modified (0ms)


Started GET "/assets/posts.css?body=1" for 127.0.0.1 at 2012-06-16 14:57:36 +0500
Served asset /posts.css - 304 Not Modified (8ms)


Started GET "/assets/scaffolds.css?body=1" for 127.0.0.1 at 2012-06-16 14:57:36 +0500
Served asset /scaffolds.css - 304 Not Modified (0ms)


Started GET "/assets/jquery.js?body=1" for 127.0.0.1 at 2012-06-16 14:57:36 +0500
Served asset /jquery.js - 304 Not Modified (2ms)


Started GET "/assets/posts.js?body=1" for 127.0.0.1 at 2012-06-16 14:57:36 +0500
Served asset /posts.js - 304 Not Modified (0ms)


Started GET "/assets/jquery_ujs.js?body=1" for 127.0.0.1 at 2012-06-16 14:57:36 +0500
Served asset /jquery_ujs.js - 304 Not Modified (0ms)


Started GET "/assets/application.js?body=1" for 127.0.0.1 at 2012-06-16 14:57:36 +0500
Served asset /application.js - 304 Not Modified (1ms)


Started GET "/posts" for 127.0.0.1 at 2012-06-16 14:57:38 +0500
Processing by PostsController#index as HTML
  [1m[36mUser Load (0.4ms)[0m  [1mSELECT `users`.* FROM `users` WHERE `users`.`id` = 1 LIMIT 1[0m
  [1m[35mPost Load (0.4ms)[0m  SELECT `posts`.* FROM `posts` 
  Rendered posts/index.html.erb within layouts/application (1.3ms)
Completed 200 OK in 11ms (Views: 8.3ms | ActiveRecord: 0.8ms)


Started GET "/assets/application.css?body=1" for 127.0.0.1 at 2012-06-16 14:57:38 +0500
Served asset /application.css - 304 Not Modified (7ms)


Started GET "/assets/posts.css?body=1" for 127.0.0.1 at 2012-06-16 14:57:38 +0500
Served asset /posts.css - 304 Not Modified (0ms)


Started GET "/assets/application.js?body=1" for 127.0.0.1 at 2012-06-16 14:57:38 +0500
Served asset /application.js - 304 Not Modified (2ms)


Started GET "/assets/jquery_ujs.js?body=1" for 127.0.0.1 at 2012-06-16 14:57:38 +0500
Served asset /jquery_ujs.js - 304 Not Modified (0ms)


Started GET "/assets/jquery.js?body=1" for 127.0.0.1 at 2012-06-16 14:57:38 +0500
Served asset /jquery.js - 304 Not Modified (1ms)


Started GET "/assets/posts.js?body=1" for 127.0.0.1 at 2012-06-16 14:57:38 +0500
Served asset /posts.js - 304 Not Modified (0ms)


Started GET "/assets/scaffolds.css?body=1" for 127.0.0.1 at 2012-06-16 14:57:38 +0500
Served asset /scaffolds.css - 304 Not Modified (38ms)


Started GET "/posts/new" for 127.0.0.1 at 2012-06-16 14:57:40 +0500
Processing by PostsController#new as HTML
  [1m[36mUser Load (0.4ms)[0m  [1mSELECT `users`.* FROM `users` WHERE `users`.`id` = 1 LIMIT 1[0m
  Rendered posts/_form.html.erb (2.7ms)
  Rendered posts/new.html.erb within layouts/application (3.6ms)
Completed 200 OK in 13ms (Views: 11.5ms | ActiveRecord: 0.4ms)


Started GET "/assets/application.css?body=1" for 127.0.0.1 at 2012-06-16 14:57:40 +0500
Served asset /application.css - 304 Not Modified (10ms)


Started GET "/assets/jquery.js?body=1" for 127.0.0.1 at 2012-06-16 14:57:40 +0500
Served asset /jquery.js - 304 Not Modified (1ms)


Started GET "/assets/posts.css?body=1" for 127.0.0.1 at 2012-06-16 14:57:40 +0500
Served asset /posts.css - 304 Not Modified (0ms)


Started GET "/assets/jquery_ujs.js?body=1" for 127.0.0.1 at 2012-06-16 14:57:40 +0500
Served asset /jquery_ujs.js - 304 Not Modified (0ms)


Started GET "/assets/posts.js?body=1" for 127.0.0.1 at 2012-06-16 14:57:40 +0500
Served asset /posts.js - 304 Not Modified (0ms)


Started GET "/assets/scaffolds.css?body=1" for 127.0.0.1 at 2012-06-16 14:57:40 +0500
Served asset /scaffolds.css - 304 Not Modified (0ms)


Started GET "/assets/application.js?body=1" for 127.0.0.1 at 2012-06-16 14:57:40 +0500
Served asset /application.js - 304 Not Modified (1ms)


Started POST "/posts" for 127.0.0.1 at 2012-06-16 14:57:49 +0500
Processing by PostsController#create as HTML
  Parameters: {"utf8"=>"✓", "authenticity_token"=>"niDAUKVz/aFziPbxVPMPnP121JOikvXpH6LXEcWlNe0=", "post"=>{"title"=>"Pakistan", "description"=>"Great"}, "commit"=>"Create Post"}
  [1m[35mUser Load (0.4ms)[0m  SELECT `users`.* FROM `users` WHERE `users`.`id` = 1 LIMIT 1
  [1m[36mSQL (0.3ms)[0m  [1mBEGIN[0m
  [1m[35mSQL (1.5ms)[0m  INSERT INTO `posts` (`created_at`, `description`, `title`, `updated_at`) VALUES (?, ?, ?, ?)  [["created_at", Sat, 16 Jun 2012 09:57:49 UTC +00:00], ["description", "Great"], ["title", "Pakistan"], ["updated_at", Sat, 16 Jun 2012 09:57:49 UTC +00:00]]
  [1m[36m (66.6ms)[0m  [1mCOMMIT[0m
Redirected to http://localhost:3000/posts/2
Completed 302 Found in 73ms (ActiveRecord: 68.8ms)


Started GET "/posts/2" for 127.0.0.1 at 2012-06-16 14:57:49 +0500
Processing by PostsController#show as HTML
  Parameters: {"id"=>"2"}
  [1m[35mUser Load (0.4ms)[0m  SELECT `users`.* FROM `users` WHERE `users`.`id` = 1 LIMIT 1
  [1m[36mPost Load (0.3ms)[0m  [1mSELECT `posts`.* FROM `posts` WHERE `posts`.`id` = ? LIMIT 1[0m  [["id", "2"]]
  Rendered posts/show.html.erb within layouts/application (0.7ms)
Completed 200 OK in 10ms (Views: 7.9ms | ActiveRecord: 0.7ms)


Started GET "/assets/application.css?body=1" for 127.0.0.1 at 2012-06-16 14:57:49 +0500
Served asset /application.css - 304 Not Modified (0ms)


Started GET "/assets/posts.js?body=1" for 127.0.0.1 at 2012-06-16 14:57:49 +0500
Served asset /posts.js - 304 Not Modified (8ms)


Started GET "/assets/posts.css?body=1" for 127.0.0.1 at 2012-06-16 14:57:49 +0500
Served asset /posts.css - 304 Not Modified (0ms)


Started GET "/assets/jquery_ujs.js?body=1" for 127.0.0.1 at 2012-06-16 14:57:49 +0500
Served asset /jquery_ujs.js - 304 Not Modified (0ms)


Started GET "/assets/scaffolds.css?body=1" for 127.0.0.1 at 2012-06-16 14:57:49 +0500
Served asset /scaffolds.css - 304 Not Modified (0ms)


Started GET "/assets/jquery.js?body=1" for 127.0.0.1 at 2012-06-16 14:57:49 +0500
Served asset /jquery.js - 304 Not Modified (1ms)


Started GET "/assets/application.js?body=1" for 127.0.0.1 at 2012-06-16 14:57:49 +0500
Served asset /application.js - 304 Not Modified (1ms)


Started GET "/posts" for 127.0.0.1 at 2012-06-16 14:57:51 +0500
Processing by PostsController#index as HTML
  [1m[35mUser Load (0.4ms)[0m  SELECT `users`.* FROM `users` WHERE `users`.`id` = 1 LIMIT 1
  [1m[36mPost Load (0.4ms)[0m  [1mSELECT `posts`.* FROM `posts` [0m
  Rendered posts/index.html.erb within layouts/application (2.2ms)
Completed 200 OK in 11ms (Views: 9.1ms | ActiveRecord: 0.8ms)


Started GET "/assets/application.css?body=1" for 127.0.0.1 at 2012-06-16 14:57:51 +0500
Served asset /application.css - 304 Not Modified (8ms)


Started GET "/assets/scaffolds.css?body=1" for 127.0.0.1 at 2012-06-16 14:57:51 +0500
Served asset /scaffolds.css - 304 Not Modified (0ms)


Started GET "/assets/posts.css?body=1" for 127.0.0.1 at 2012-06-16 14:57:51 +0500
Served asset /posts.css - 304 Not Modified (0ms)


Started GET "/assets/jquery.js?body=1" for 127.0.0.1 at 2012-06-16 14:57:51 +0500
Served asset /jquery.js - 304 Not Modified (1ms)


Started GET "/assets/jquery_ujs.js?body=1" for 127.0.0.1 at 2012-06-16 14:57:51 +0500
Served asset /jquery_ujs.js - 304 Not Modified (0ms)


Started GET "/assets/posts.js?body=1" for 127.0.0.1 at 2012-06-16 14:57:51 +0500
Served asset /posts.js - 304 Not Modified (0ms)


Started GET "/assets/application.js?body=1" for 127.0.0.1 at 2012-06-16 14:57:51 +0500
Served asset /application.js - 304 Not Modified (1ms)
DEPRECATION WARNING: Passing a block to devise_for is deprecated. Please remove the block from devise_for (only the block, the call to devise_for must still exist) and call devise_scope :user do ... end with the block instead. (called from block in <top (required)> at /home/ramiz/Generate-PDF-using-wicked_pdf/config/routes.rb:36)


Started GET "/posts" for 127.0.0.1 at 2012-06-16 15:08:29 +0500
Processing by PostsController#index as HTML
  [1m[36mUser Load (14.5ms)[0m  [1mSELECT `users`.* FROM `users` WHERE `users`.`id` = 1 LIMIT 1[0m
  [1m[35mPost Load (0.5ms)[0m  SELECT `posts`.* FROM `posts` WHERE `posts`.`user_id` = 1
  Rendered posts/index.html.erb within layouts/application (91.4ms)
Completed 200 OK in 492ms (Views: 193.2ms | ActiveRecord: 17.3ms)


Started GET "/assets/scaffolds.css?body=1" for 127.0.0.1 at 2012-06-16 15:08:30 +0500
Served asset /scaffolds.css - 304 Not Modified (11ms)


Started GET "/assets/jquery.js?body=1" for 127.0.0.1 at 2012-06-16 15:08:30 +0500
Served asset /jquery.js - 304 Not Modified (35ms)


Started GET "/assets/posts.css?body=1" for 127.0.0.1 at 2012-06-16 15:08:30 +0500
Served asset /posts.css - 304 Not Modified (2ms)


Started GET "/assets/application.css?body=1" for 127.0.0.1 at 2012-06-16 15:08:30 +0500
Served asset /application.css - 304 Not Modified (4ms)


Started GET "/assets/jquery_ujs.js?body=1" for 127.0.0.1 at 2012-06-16 15:08:30 +0500
Served asset /jquery_ujs.js - 304 Not Modified (2ms)


Started GET "/assets/posts.js?body=1" for 127.0.0.1 at 2012-06-16 15:08:30 +0500
Served asset /posts.js - 304 Not Modified (2ms)


Started GET "/assets/application.js?body=1" for 127.0.0.1 at 2012-06-16 15:08:30 +0500
Served asset /application.js - 304 Not Modified (7ms)


Started GET "/posts/new" for 127.0.0.1 at 2012-06-16 15:08:33 +0500
Processing by PostsController#new as HTML
  [1m[36mUser Load (0.4ms)[0m  [1mSELECT `users`.* FROM `users` WHERE `users`.`id` = 1 LIMIT 1[0m
  Rendered posts/_form.html.erb (9.9ms)
  Rendered posts/new.html.erb within layouts/application (24.9ms)
Completed 200 OK in 34ms (Views: 32.0ms | ActiveRecord: 0.4ms)


Started GET "/assets/posts.css?body=1" for 127.0.0.1 at 2012-06-16 15:08:33 +0500
Served asset /posts.css - 304 Not Modified (0ms)


Started GET "/assets/jquery_ujs.js?body=1" for 127.0.0.1 at 2012-06-16 15:08:33 +0500
Served asset /jquery_ujs.js - 304 Not Modified (8ms)


Started GET "/assets/application.css?body=1" for 127.0.0.1 at 2012-06-16 15:08:33 +0500
Served asset /application.css - 304 Not Modified (0ms)


Started GET "/assets/scaffolds.css?body=1" for 127.0.0.1 at 2012-06-16 15:08:33 +0500
Served asset /scaffolds.css - 304 Not Modified (0ms)


Started GET "/assets/jquery.js?body=1" for 127.0.0.1 at 2012-06-16 15:08:33 +0500
Served asset /jquery.js - 304 Not Modified (1ms)


Started GET "/assets/posts.js?body=1" for 127.0.0.1 at 2012-06-16 15:08:33 +0500
Served asset /posts.js - 304 Not Modified (0ms)


Started GET "/assets/application.js?body=1" for 127.0.0.1 at 2012-06-16 15:08:33 +0500
Served asset /application.js - 304 Not Modified (1ms)


Started POST "/posts" for 127.0.0.1 at 2012-06-16 15:08:37 +0500
Processing by PostsController#create as HTML
  Parameters: {"utf8"=>"✓", "authenticity_token"=>"niDAUKVz/aFziPbxVPMPnP121JOikvXpH6LXEcWlNe0=", "post"=>{"title"=>"wwwwwwwww", "description"=>"wwwwwwwwwwwwwwwww"}, "commit"=>"Create Post"}
  [1m[35mUser Load (0.4ms)[0m  SELECT `users`.* FROM `users` WHERE `users`.`id` = 1 LIMIT 1
  [1m[36mSQL (0.1ms)[0m  [1mBEGIN[0m
  [1m[35mSQL (59.2ms)[0m  INSERT INTO `posts` (`created_at`, `description`, `title`, `updated_at`, `user_id`) VALUES (?, ?, ?, ?, ?)  [["created_at", Sat, 16 Jun 2012 10:08:37 UTC +00:00], ["description", "wwwwwwwwwwwwwwwww"], ["title", "wwwwwwwww"], ["updated_at", Sat, 16 Jun 2012 10:08:37 UTC +00:00], ["user_id", 1]]
  [1m[36m (62.1ms)[0m  [1mCOMMIT[0m
Redirected to http://localhost:3000/posts/3
Completed 302 Found in 129ms (ActiveRecord: 121.9ms)


Started GET "/posts/3" for 127.0.0.1 at 2012-06-16 15:08:37 +0500
Processing by PostsController#show as HTML
  Parameters: {"id"=>"3"}
  [1m[35mUser Load (0.5ms)[0m  SELECT `users`.* FROM `users` WHERE `users`.`id` = 1 LIMIT 1
  [1m[36mPost Load (0.6ms)[0m  [1mSELECT `posts`.* FROM `posts` WHERE `posts`.`id` = ? LIMIT 1[0m  [["id", "3"]]
  Rendered posts/show.html.erb within layouts/application (1.5ms)
Completed 200 OK in 14ms (Views: 9.6ms | ActiveRecord: 1.1ms)


Started GET "/assets/application.css?body=1" for 127.0.0.1 at 2012-06-16 15:08:37 +0500
Served asset /application.css - 304 Not Modified (0ms)


Started GET "/assets/scaffolds.css?body=1" for 127.0.0.1 at 2012-06-16 15:08:37 +0500
Served asset /scaffolds.css - 304 Not Modified (0ms)


Started GET "/assets/jquery.js?body=1" for 127.0.0.1 at 2012-06-16 15:08:37 +0500
Served asset /jquery.js - 304 Not Modified (1ms)


Started GET "/assets/application.js?body=1" for 127.0.0.1 at 2012-06-16 15:08:37 +0500
Served asset /application.js - 304 Not Modified (1ms)


Started GET "/assets/jquery_ujs.js?body=1" for 127.0.0.1 at 2012-06-16 15:08:37 +0500
Served asset /jquery_ujs.js - 304 Not Modified (3ms)


Started GET "/assets/posts.js?body=1" for 127.0.0.1 at 2012-06-16 15:08:37 +0500
Served asset /posts.js - 304 Not Modified (0ms)


Started GET "/assets/posts.css?body=1" for 127.0.0.1 at 2012-06-16 15:08:37 +0500
Served asset /posts.css - 304 Not Modified (1ms)


Started GET "/posts" for 127.0.0.1 at 2012-06-16 15:08:39 +0500
Processing by PostsController#index as HTML
  [1m[35mUser Load (0.4ms)[0m  SELECT `users`.* FROM `users` WHERE `users`.`id` = 1 LIMIT 1
  [1m[36mPost Load (0.6ms)[0m  [1mSELECT `posts`.* FROM `posts` WHERE `posts`.`user_id` = 1[0m
  Rendered posts/index.html.erb within layouts/application (4.5ms)
Completed 200 OK in 15ms (Views: 12.4ms | ActiveRecord: 1.0ms)


Started GET "/assets/application.css?body=1" for 127.0.0.1 at 2012-06-16 15:08:39 +0500
Served asset /application.css - 304 Not Modified (11ms)


Started GET "/assets/posts.css?body=1" for 127.0.0.1 at 2012-06-16 15:08:39 +0500
Served asset /posts.css - 304 Not Modified (0ms)


Started GET "/assets/jquery_ujs.js?body=1" for 127.0.0.1 at 2012-06-16 15:08:39 +0500
Served asset /jquery_ujs.js - 304 Not Modified (0ms)


Started GET "/assets/scaffolds.css?body=1" for 127.0.0.1 at 2012-06-16 15:08:39 +0500
Served asset /scaffolds.css - 304 Not Modified (0ms)


Started GET "/assets/posts.js?body=1" for 127.0.0.1 at 2012-06-16 15:08:39 +0500
Served asset /posts.js - 304 Not Modified (0ms)


Started GET "/assets/jquery.js?body=1" for 127.0.0.1 at 2012-06-16 15:08:39 +0500
Served asset /jquery.js - 304 Not Modified (1ms)


Started GET "/assets/application.js?body=1" for 127.0.0.1 at 2012-06-16 15:08:39 +0500
Served asset /application.js - 304 Not Modified (1ms)


Started GET "/posts" for 127.0.0.1 at 2012-06-16 15:23:21 +0500
DEPRECATION WARNING: Passing a block to devise_for is deprecated. Please remove the block from devise_for (only the block, the call to devise_for must still exist) and call devise_scope :user do ... end with the block instead. (called from block in <top (required)> at /home/ramiz/Generate-PDF-using-wicked_pdf/config/routes.rb:40)
Processing by PostsController#index as HTML
  [1m[35mUser Load (0.4ms)[0m  SELECT `users`.* FROM `users` WHERE `users`.`id` = 1 LIMIT 1
  [1m[36mPost Load (0.3ms)[0m  [1mSELECT `posts`.* FROM `posts` WHERE `posts`.`user_id` = 1[0m
  Rendered posts/index.html.erb within layouts/application (14.8ms)
Completed 200 OK in 48ms (Views: 21.5ms | ActiveRecord: 3.1ms)


Started GET "/assets/application.css?body=1" for 127.0.0.1 at 2012-06-16 15:23:21 +0500
Served asset /application.css - 200 OK (0ms)


Started GET "/assets/posts.css?body=1" for 127.0.0.1 at 2012-06-16 15:23:21 +0500
Served asset /posts.css - 200 OK (0ms)


Started GET "/assets/posts.js?body=1" for 127.0.0.1 at 2012-06-16 15:23:21 +0500
Served asset /posts.js - 200 OK (1ms)


Started GET "/assets/scaffolds.css?body=1" for 127.0.0.1 at 2012-06-16 15:23:21 +0500
Served asset /scaffolds.css - 200 OK (3ms)


Started GET "/assets/application.js?body=1" for 127.0.0.1 at 2012-06-16 15:23:21 +0500
Served asset /application.js - 200 OK (1ms)


Started GET "/assets/jquery.js?body=1" for 127.0.0.1 at 2012-06-16 15:23:21 +0500
Served asset /jquery.js - 200 OK (1ms)


Started GET "/assets/jquery_ujs.js?body=1" for 127.0.0.1 at 2012-06-16 15:23:21 +0500
Served asset /jquery_ujs.js - 200 OK (0ms)


Started GET "/posts/all_posts" for 127.0.0.1 at 2012-06-16 15:23:26 +0500
Processing by PostsController#all_posts as HTML
  [1m[35mUser Load (0.5ms)[0m  SELECT `users`.* FROM `users` WHERE `users`.`id` = 1 LIMIT 1
  [1m[36mPost Load (4.0ms)[0m  [1mSELECT `posts`.* FROM `posts` WHERE `posts`.`user_id` = 1[0m
  [1m[35mCACHE (0.0ms)[0m  SELECT `users`.* FROM `users` WHERE `users`.`id` = 1 LIMIT 1
  [1m[36mCACHE (0.0ms)[0m  [1mSELECT `users`.* FROM `users` WHERE `users`.`id` = 1 LIMIT 1[0m
  Rendered posts/all_posts.html.erb within layouts/application (91.3ms)
Completed 200 OK in 102ms (Views: 95.4ms | ActiveRecord: 4.5ms)


Started GET "/assets/application.css?body=1" for 127.0.0.1 at 2012-06-16 15:23:26 +0500
Served asset /application.css - 304 Not Modified (0ms)


Started GET "/assets/scaffolds.css?body=1" for 127.0.0.1 at 2012-06-16 15:23:26 +0500
Served asset /scaffolds.css - 304 Not Modified (0ms)


Started GET "/assets/jquery_ujs.js?body=1" for 127.0.0.1 at 2012-06-16 15:23:26 +0500
Served asset /jquery_ujs.js - 304 Not Modified (0ms)


Started GET "/assets/jquery.js?body=1" for 127.0.0.1 at 2012-06-16 15:23:26 +0500
Served asset /jquery.js - 304 Not Modified (1ms)


Started GET "/assets/posts.js?body=1" for 127.0.0.1 at 2012-06-16 15:23:26 +0500
Served asset /posts.js - 304 Not Modified (0ms)


Started GET "/assets/posts.css?body=1" for 127.0.0.1 at 2012-06-16 15:23:26 +0500
Served asset /posts.css - 304 Not Modified (0ms)


Started GET "/assets/application.js?body=1" for 127.0.0.1 at 2012-06-16 15:23:26 +0500
Served asset /application.js - 304 Not Modified (1ms)


Started GET "/posts" for 127.0.0.1 at 2012-06-16 15:23:44 +0500
Processing by PostsController#index as HTML
  [1m[35mUser Load (0.4ms)[0m  SELECT `users`.* FROM `users` WHERE `users`.`id` = 1 LIMIT 1
  [1m[36mPost Load (0.3ms)[0m  [1mSELECT `posts`.* FROM `posts` WHERE `posts`.`user_id` = 1[0m
  Rendered posts/index.html.erb within layouts/application (13.9ms)
Completed 200 OK in 55ms (Views: 20.6ms | ActiveRecord: 2.8ms)


Started GET "/assets/application.css?body=1" for 127.0.0.1 at 2012-06-16 15:23:45 +0500
Served asset /application.css - 200 OK (2ms)


Started GET "/assets/jquery.js?body=1" for 127.0.0.1 at 2012-06-16 15:23:45 +0500
Served asset /jquery.js - 200 OK (1ms)


Started GET "/assets/posts.js?body=1" for 127.0.0.1 at 2012-06-16 15:23:45 +0500
Served asset /posts.js - 200 OK (5ms)


Started GET "/assets/application.js?body=1" for 127.0.0.1 at 2012-06-16 15:23:45 +0500
Served asset /application.js - 200 OK (1ms)


Started GET "/assets/jquery_ujs.js?body=1" for 127.0.0.1 at 2012-06-16 15:23:45 +0500
Served asset /jquery_ujs.js - 200 OK (0ms)


Started GET "/assets/scaffolds.css?body=1" for 127.0.0.1 at 2012-06-16 15:23:45 +0500
Served asset /scaffolds.css - 200 OK (0ms)


Started GET "/assets/posts.css?body=1" for 127.0.0.1 at 2012-06-16 15:23:45 +0500
Served asset /posts.css - 200 OK (0ms)


Started GET "/posts/all_posts" for 127.0.0.1 at 2012-06-16 15:23:47 +0500
Processing by PostsController#all_posts as HTML
  [1m[35mUser Load (0.5ms)[0m  SELECT `users`.* FROM `users` WHERE `users`.`id` = 1 LIMIT 1
***************WICKED***************
  [1m[36mPost Load (0.5ms)[0m  [1mSELECT `posts`.* FROM `posts` WHERE `posts`.`user_id` = 1[0m
  [1m[35mCACHE (0.0ms)[0m  SELECT `users`.* FROM `users` WHERE `users`.`id` = 1 LIMIT 1
  [1m[36mCACHE (0.0ms)[0m  [1mSELECT `users`.* FROM `users` WHERE `users`.`id` = 1 LIMIT 1[0m
  Rendered posts/all_posts.html.erb (4.9ms)
Completed 500 Internal Server Error in 775ms

RuntimeError (Location of wkhtmltopdf unknown):
  app/controllers/posts_controller.rb:15:in `all_posts'


  Rendered /home/ramiz/.rvm/gems/ruby-1.9.2-p290/gems/actionpack-3.2.3/lib/action_dispatch/middleware/templates/rescues/_trace.erb (4.2ms)
  Rendered /home/ramiz/.rvm/gems/ruby-1.9.2-p290/gems/actionpack-3.2.3/lib/action_dispatch/middleware/templates/rescues/_request_and_response.erb (1.4ms)
  Rendered /home/ramiz/.rvm/gems/ruby-1.9.2-p290/gems/actionpack-3.2.3/lib/action_dispatch/middleware/templates/rescues/diagnostics.erb within rescues/layout (13.8ms)
DEPRECATION WARNING: Passing a block to devise_for is deprecated. Please remove the block from devise_for (only the block, the call to devise_for must still exist) and call devise_scope :user do ... end with the block instead. (called from block in <top (required)> at /home/ramiz/Generate-PDF-using-wicked_pdf/config/routes.rb:40)


Started GET "/posts" for 127.0.0.1 at 2012-06-16 15:33:30 +0500
Processing by PostsController#index as HTML
  [1m[36mUser Load (41.9ms)[0m  [1mSELECT `users`.* FROM `users` WHERE `users`.`id` = 1 LIMIT 1[0m
  [1m[35mPost Load (0.3ms)[0m  SELECT `posts`.* FROM `posts` WHERE `posts`.`user_id` = 1
  Rendered posts/index.html.erb within layouts/application (93.4ms)
Completed 200 OK in 467ms (Views: 198.7ms | ActiveRecord: 44.4ms)


Started GET "/assets/application.css?body=1" for 127.0.0.1 at 2012-06-16 15:33:30 +0500
Served asset /application.css - 200 OK (47ms)


Started GET "/assets/posts.css?body=1" for 127.0.0.1 at 2012-06-16 15:33:30 +0500
Served asset /posts.css - 200 OK (2ms)


Started GET "/assets/scaffolds.css?body=1" for 127.0.0.1 at 2012-06-16 15:33:30 +0500
Served asset /scaffolds.css - 200 OK (2ms)


Started GET "/assets/jquery.js?body=1" for 127.0.0.1 at 2012-06-16 15:33:30 +0500
Served asset /jquery.js - 200 OK (3ms)


Started GET "/assets/posts.js?body=1" for 127.0.0.1 at 2012-06-16 15:33:30 +0500
Served asset /posts.js - 200 OK (2ms)


Started GET "/assets/jquery_ujs.js?body=1" for 127.0.0.1 at 2012-06-16 15:33:30 +0500
Served asset /jquery_ujs.js - 200 OK (2ms)


Started GET "/assets/application.js?body=1" for 127.0.0.1 at 2012-06-16 15:33:30 +0500
Served asset /application.js - 200 OK (8ms)


Started GET "/" for 127.0.0.1 at 2012-06-16 15:33:37 +0500
Processing by PostsController#index as HTML
  [1m[36mUser Load (0.5ms)[0m  [1mSELECT `users`.* FROM `users` WHERE `users`.`id` = 1 LIMIT 1[0m
  [1m[35mPost Load (0.3ms)[0m  SELECT `posts`.* FROM `posts` WHERE `posts`.`user_id` = 1
  Rendered posts/index.html.erb within layouts/application (3.7ms)
Completed 200 OK in 15ms (Views: 12.3ms | ActiveRecord: 0.9ms)


Started GET "/assets/posts.css?body=1" for 127.0.0.1 at 2012-06-16 15:33:37 +0500
Served asset /posts.css - 304 Not Modified (9ms)


Started GET "/assets/jquery.js?body=1" for 127.0.0.1 at 2012-06-16 15:33:37 +0500
Served asset /jquery.js - 304 Not Modified (1ms)


Started GET "/assets/scaffolds.css?body=1" for 127.0.0.1 at 2012-06-16 15:33:37 +0500
Served asset /scaffolds.css - 304 Not Modified (0ms)


Started GET "/assets/posts.js?body=1" for 127.0.0.1 at 2012-06-16 15:33:37 +0500
Served asset /posts.js - 304 Not Modified (0ms)


Started GET "/assets/jquery_ujs.js?body=1" for 127.0.0.1 at 2012-06-16 15:33:37 +0500
Served asset /jquery_ujs.js - 304 Not Modified (0ms)


Started GET "/assets/application.css?body=1" for 127.0.0.1 at 2012-06-16 15:33:37 +0500
Served asset /application.css - 304 Not Modified (0ms)


Started GET "/assets/application.js?body=1" for 127.0.0.1 at 2012-06-16 15:33:37 +0500
Served asset /application.js - 304 Not Modified (1ms)


Started GET "/posts/all_posts" for 127.0.0.1 at 2012-06-16 15:33:39 +0500
Processing by PostsController#all_posts as HTML
  [1m[36mUser Load (0.5ms)[0m  [1mSELECT `users`.* FROM `users` WHERE `users`.`id` = 1 LIMIT 1[0m
***************WICKED***************
  [1m[35mPost Load (0.5ms)[0m  SELECT `posts`.* FROM `posts` WHERE `posts`.`user_id` = 1
  [1m[36mCACHE (0.0ms)[0m  [1mSELECT `users`.* FROM `users` WHERE `users`.`id` = 1 LIMIT 1[0m
  [1m[35mCACHE (0.0ms)[0m  SELECT `users`.* FROM `users` WHERE `users`.`id` = 1 LIMIT 1
  Rendered posts/all_posts.html.erb (29.4ms)
Completed 500 Internal Server Error in 860ms

RuntimeError (Failed to execute:
"/usr/bin/wkhtmltopdf" -q      --orientation "Landscape"   - - 
Error: Broken pipe):
  app/controllers/posts_controller.rb:15:in `all_posts'


  Rendered /home/ramiz/.rvm/gems/ruby-1.9.2-p290/gems/actionpack-3.2.3/lib/action_dispatch/middleware/templates/rescues/_trace.erb (4.0ms)
  Rendered /home/ramiz/.rvm/gems/ruby-1.9.2-p290/gems/actionpack-3.2.3/lib/action_dispatch/middleware/templates/rescues/_request_and_response.erb (1.2ms)
  Rendered /home/ramiz/.rvm/gems/ruby-1.9.2-p290/gems/actionpack-3.2.3/lib/action_dispatch/middleware/templates/rescues/diagnostics.erb within rescues/layout (13.5ms)


Started GET "/" for 127.0.0.1 at 2012-06-16 15:35:00 +0500
Processing by PostsController#index as HTML
  [1m[36mUser Load (0.4ms)[0m  [1mSELECT `users`.* FROM `users` WHERE `users`.`id` = 1 LIMIT 1[0m
  [1m[35mPost Load (0.4ms)[0m  SELECT `posts`.* FROM `posts` WHERE `posts`.`user_id` = 1
  Rendered posts/index.html.erb within layouts/application (21.1ms)
Completed 200 OK in 83ms (Views: 32.3ms | ActiveRecord: 3.4ms)


Started GET "/assets/application.css?body=1" for 127.0.0.1 at 2012-06-16 15:35:00 +0500
Served asset /application.css - 200 OK (0ms)


Started GET "/assets/posts.css?body=1" for 127.0.0.1 at 2012-06-16 15:35:00 +0500
Served asset /posts.css - 200 OK (0ms)


Started GET "/assets/scaffolds.css?body=1" for 127.0.0.1 at 2012-06-16 15:35:00 +0500
Served asset /scaffolds.css - 200 OK (14ms)


Started GET "/assets/posts.js?body=1" for 127.0.0.1 at 2012-06-16 15:35:00 +0500
Served asset /posts.js - 200 OK (1ms)


Started GET "/assets/jquery.js?body=1" for 127.0.0.1 at 2012-06-16 15:35:00 +0500
Served asset /jquery.js - 200 OK (1ms)


Started GET "/assets/application.js?body=1" for 127.0.0.1 at 2012-06-16 15:35:00 +0500
Served asset /application.js - 200 OK (1ms)


Started GET "/assets/jquery_ujs.js?body=1" for 127.0.0.1 at 2012-06-16 15:35:00 +0500
Served asset /jquery_ujs.js - 200 OK (58ms)


Started GET "/posts/all_posts" for 127.0.0.1 at 2012-06-16 15:35:02 +0500
Processing by PostsController#all_posts as HTML
  [1m[36mUser Load (0.5ms)[0m  [1mSELECT `users`.* FROM `users` WHERE `users`.`id` = 1 LIMIT 1[0m
***************WICKED***************
  [1m[35mPost Load (4.3ms)[0m  SELECT `posts`.* FROM `posts` WHERE `posts`.`user_id` = 1
  [1m[36mCACHE (0.0ms)[0m  [1mSELECT `users`.* FROM `users` WHERE `users`.`id` = 1 LIMIT 1[0m
  [1m[35mCACHE (0.0ms)[0m  SELECT `users`.* FROM `users` WHERE `users`.`id` = 1 LIMIT 1
  Rendered posts/all_posts.html.erb (8.7ms)
Completed 500 Internal Server Error in 871ms

RuntimeError (Failed to execute:
"/usr/bin/wkhtmltopdf" -q        - - 
Error: PDF could not be generated!):
  app/controllers/posts_controller.rb:15:in `all_posts'


  Rendered /home/ramiz/.rvm/gems/ruby-1.9.2-p290/gems/actionpack-3.2.3/lib/action_dispatch/middleware/templates/rescues/_trace.erb (4.3ms)
  Rendered /home/ramiz/.rvm/gems/ruby-1.9.2-p290/gems/actionpack-3.2.3/lib/action_dispatch/middleware/templates/rescues/_request_and_response.erb (1.4ms)
  Rendered /home/ramiz/.rvm/gems/ruby-1.9.2-p290/gems/actionpack-3.2.3/lib/action_dispatch/middleware/templates/rescues/diagnostics.erb within rescues/layout (18.9ms)
DEPRECATION WARNING: Passing a block to devise_for is deprecated. Please remove the block from devise_for (only the block, the call to devise_for must still exist) and call devise_scope :user do ... end with the block instead. (called from block in <top (required)> at /home/ramiz/Generate-PDF-using-wicked_pdf/config/routes.rb:40)


Started GET "/" for 127.0.0.1 at 2012-06-17 20:51:32 +0500
Processing by PostsController#index as HTML
Completed 401 Unauthorized in 94ms


Started GET "/users/sign_in" for 127.0.0.1 at 2012-06-17 20:51:32 +0500
Processing by Devise::SessionsController#new as HTML
  Rendered devise/shared/_links.erb (2.1ms)
  Rendered devise/sessions/new.html.erb within layouts/application (123.8ms)
Completed 200 OK in 1518ms (Views: 1027.9ms | ActiveRecord: 1.3ms)


Started GET "/assets/application.css?body=1" for 127.0.0.1 at 2012-06-17 20:51:34 +0500
Served asset /application.css - 304 Not Modified (4ms)


Started GET "/assets/posts.css?body=1" for 127.0.0.1 at 2012-06-17 20:51:34 +0500
Served asset /posts.css - 304 Not Modified (2ms)


Started GET "/assets/jquery_ujs.js?body=1" for 127.0.0.1 at 2012-06-17 20:51:34 +0500
Served asset /jquery_ujs.js - 304 Not Modified (182ms)


Started GET "/assets/jquery.js?body=1" for 127.0.0.1 at 2012-06-17 20:51:34 +0500
Served asset /jquery.js - 304 Not Modified (3ms)


Started GET "/assets/scaffolds.css?body=1" for 127.0.0.1 at 2012-06-17 20:51:34 +0500
Served asset /scaffolds.css - 304 Not Modified (2ms)


Started GET "/assets/posts.js?body=1" for 127.0.0.1 at 2012-06-17 20:51:34 +0500
Served asset /posts.js - 304 Not Modified (1ms)


Started GET "/assets/application.js?body=1" for 127.0.0.1 at 2012-06-17 20:51:34 +0500
Served asset /application.js - 304 Not Modified (6ms)


Started POST "/users/sign_in" for 127.0.0.1 at 2012-06-17 20:51:52 +0500
Processing by Devise::SessionsController#create as HTML
  Parameters: {"utf8"=>"✓", "authenticity_token"=>"4/pTP5oUELDeH7sZ1BbhN4M238jvPVxBRwEYgWiYlRM=", "user"=>{"email"=>"kashif.ali@ilsainteractive.com", "password"=>"[FILTERED]", "remember_me"=>"1"}, "commit"=>"Sign in"}
  [1m[36mUser Load (23.0ms)[0m  [1mSELECT `users`.* FROM `users` WHERE `users`.`email` = 'kashif.ali@ilsainteractive.com' LIMIT 1[0m
  [1m[35mSQL (0.1ms)[0m  BEGIN
  [1m[36m (0.1ms)[0m  [1mCOMMIT[0m
  [1m[35mSQL (0.1ms)[0m  BEGIN
  [1m[36m (0.5ms)[0m  [1mUPDATE `users` SET `last_sign_in_at` = '2012-06-16 10:47:50', `current_sign_in_at` = '2012-06-17 15:51:53', `sign_in_count` = 4, `updated_at` = '2012-06-17 15:51:53' WHERE `users`.`id` = 1[0m
  [1m[35m (113.6ms)[0m  COMMIT
Redirected to http://localhost:3000/
Completed 302 Found in 623ms (ActiveRecord: 0.0ms)


Started GET "/" for 127.0.0.1 at 2012-06-17 20:51:53 +0500
Processing by PostsController#index as HTML
  [1m[36mUser Load (0.8ms)[0m  [1mSELECT `users`.* FROM `users` WHERE `users`.`id` = 1 LIMIT 1[0m
  [1m[35mPost Load (1.4ms)[0m  SELECT `posts`.* FROM `posts` WHERE `posts`.`user_id` = 1
  Rendered posts/index.html.erb within layouts/application (204.1ms)
Completed 200 OK in 753ms (Views: 513.1ms | ActiveRecord: 3.5ms)


Started GET "/assets/application.css?body=1" for 127.0.0.1 at 2012-06-17 20:51:54 +0500
Served asset /application.css - 304 Not Modified (0ms)


Started GET "/assets/jquery.js?body=1" for 127.0.0.1 at 2012-06-17 20:51:54 +0500
Served asset /jquery.js - 304 Not Modified (10ms)


Started GET "/assets/application.js?body=1" for 127.0.0.1 at 2012-06-17 20:51:54 +0500
Served asset /application.js - 304 Not Modified (5ms)


Started GET "/assets/jquery_ujs.js?body=1" for 127.0.0.1 at 2012-06-17 20:51:54 +0500
Served asset /jquery_ujs.js - 304 Not Modified (0ms)


Started GET "/assets/posts.js?body=1" for 127.0.0.1 at 2012-06-17 20:51:54 +0500
Served asset /posts.js - 304 Not Modified (0ms)


Started GET "/assets/scaffolds.css?body=1" for 127.0.0.1 at 2012-06-17 20:51:54 +0500
Served asset /scaffolds.css - 304 Not Modified (0ms)


Started GET "/assets/posts.css?body=1" for 127.0.0.1 at 2012-06-17 20:51:54 +0500
Served asset /posts.css - 304 Not Modified (0ms)


Started GET "/" for 127.0.0.1 at 2012-06-17 20:58:37 +0500
Processing by PostsController#index as HTML
  [1m[36mUser Load (0.4ms)[0m  [1mSELECT `users`.* FROM `users` WHERE `users`.`id` = 1 LIMIT 1[0m
  [1m[35mPost Load (0.3ms)[0m  SELECT `posts`.* FROM `posts` WHERE `posts`.`user_id` = 1
  Rendered posts/index.html.erb within layouts/application (13.5ms)
Completed 200 OK in 54ms (Views: 21.1ms | ActiveRecord: 2.8ms)


Started GET "/assets/posts.css?body=1" for 127.0.0.1 at 2012-06-17 20:58:37 +0500
Served asset /posts.css - 200 OK (0ms)


Started GET "/assets/application.css?body=1" for 127.0.0.1 at 2012-06-17 20:58:37 +0500
Served asset /application.css - 200 OK (0ms)


Started GET "/assets/jquery_ujs.js?body=1" for 127.0.0.1 at 2012-06-17 20:58:37 +0500
Served asset /jquery_ujs.js - 200 OK (0ms)


Started GET "/assets/application.js?body=1" for 127.0.0.1 at 2012-06-17 20:58:37 +0500
Served asset /application.js - 200 OK (1ms)


Started GET "/assets/scaffolds.css?body=1" for 127.0.0.1 at 2012-06-17 20:58:37 +0500
Served asset /scaffolds.css - 200 OK (0ms)


Started GET "/assets/posts.js?body=1" for 127.0.0.1 at 2012-06-17 20:58:37 +0500
Served asset /posts.js - 200 OK (0ms)


Started GET "/assets/jquery.js?body=1" for 127.0.0.1 at 2012-06-17 20:58:37 +0500
Served asset /jquery.js - 200 OK (1ms)


Started GET "/sign_out" for 127.0.0.1 at 2012-06-17 20:58:46 +0500
Processing by Devise::SessionsController#destroy as HTML
  [1m[36mUser Load (0.5ms)[0m  [1mSELECT `users`.* FROM `users` WHERE `users`.`id` = 1 LIMIT 1[0m
  [1m[35mSQL (0.1ms)[0m  BEGIN
  [1m[36m (0.5ms)[0m  [1mUPDATE `users` SET `remember_created_at` = NULL, `updated_at` = '2012-06-17 15:58:46' WHERE `users`.`id` = 1[0m
  [1m[35m (99.0ms)[0m  COMMIT
Redirected to http://localhost:3000/
Completed 302 Found in 107ms (ActiveRecord: 100.0ms)


Started GET "/" for 127.0.0.1 at 2012-06-17 20:58:46 +0500
Processing by PostsController#index as HTML
Completed 401 Unauthorized in 0ms


Started GET "/users/sign_in" for 127.0.0.1 at 2012-06-17 20:58:46 +0500
Processing by Devise::SessionsController#new as HTML
  Rendered devise/shared/_links.erb (0.6ms)
  Rendered devise/sessions/new.html.erb within layouts/application (5.2ms)
Completed 200 OK in 17ms (Views: 14.5ms | ActiveRecord: 0.0ms)


Started GET "/assets/application.css?body=1" for 127.0.0.1 at 2012-06-17 20:58:46 +0500
Served asset /application.css - 304 Not Modified (13ms)


Started GET "/assets/posts.css?body=1" for 127.0.0.1 at 2012-06-17 20:58:46 +0500
Served asset /posts.css - 304 Not Modified (0ms)


Started GET "/assets/scaffolds.css?body=1" for 127.0.0.1 at 2012-06-17 20:58:46 +0500
Served asset /scaffolds.css - 304 Not Modified (0ms)


Started GET "/assets/posts.js?body=1" for 127.0.0.1 at 2012-06-17 20:58:46 +0500
Served asset /posts.js - 304 Not Modified (0ms)


Started GET "/assets/jquery.js?body=1" for 127.0.0.1 at 2012-06-17 20:58:46 +0500
Served asset /jquery.js - 304 Not Modified (1ms)


Started GET "/assets/jquery_ujs.js?body=1" for 127.0.0.1 at 2012-06-17 20:58:46 +0500
Served asset /jquery_ujs.js - 304 Not Modified (0ms)


Started GET "/assets/application.js?body=1" for 127.0.0.1 at 2012-06-17 20:58:46 +0500
Served asset /application.js - 304 Not Modified (1ms)


Started POST "/users/sign_in" for 127.0.0.1 at 2012-06-17 20:59:01 +0500
Processing by Devise::SessionsController#create as HTML
  Parameters: {"utf8"=>"✓", "authenticity_token"=>"mHcxrMtC6tX+uYphe5ubABqgN1QS5CQxyWki/tz40lY=", "user"=>{"email"=>"kashif.ali@ilsainteractive.com", "password"=>"[FILTERED]", "remember_me"=>"1"}, "commit"=>"Sign in"}
  [1m[36mUser Load (0.8ms)[0m  [1mSELECT `users`.* FROM `users` WHERE `users`.`email` = 'kashif.ali@ilsainteractive.com' LIMIT 1[0m
  [1m[35mSQL (0.1ms)[0m  BEGIN
  [1m[36m (0.5ms)[0m  [1mUPDATE `users` SET `remember_created_at` = '2012-06-17 15:59:01', `updated_at` = '2012-06-17 15:59:01' WHERE `users`.`id` = 1[0m
  [1m[35m (55.3ms)[0m  COMMIT
  [1m[36mSQL (0.1ms)[0m  [1mBEGIN[0m
  [1m[35m (0.3ms)[0m  UPDATE `users` SET `last_sign_in_at` = '2012-06-17 15:51:53', `current_sign_in_at` = '2012-06-17 15:59:01', `sign_in_count` = 5, `updated_at` = '2012-06-17 15:59:01' WHERE `users`.`id` = 1
  [1m[36m (52.9ms)[0m  [1mCOMMIT[0m
Redirected to http://localhost:3000/
Completed 302 Found in 228ms (ActiveRecord: 0.0ms)


Started GET "/" for 127.0.0.1 at 2012-06-17 20:59:01 +0500
Processing by PostsController#index as HTML
  [1m[35mUser Load (0.6ms)[0m  SELECT `users`.* FROM `users` WHERE `users`.`id` = 1 LIMIT 1
  [1m[36mPost Load (0.4ms)[0m  [1mSELECT `posts`.* FROM `posts` WHERE `posts`.`user_id` = 1[0m
  Rendered posts/index.html.erb within layouts/application (4.0ms)
Completed 200 OK in 15ms (Views: 12.9ms | ActiveRecord: 0.9ms)


Started GET "/assets/application.css?body=1" for 127.0.0.1 at 2012-06-17 20:59:01 +0500
Served asset /application.css - 304 Not Modified (0ms)


Started GET "/assets/posts.css?body=1" for 127.0.0.1 at 2012-06-17 20:59:01 +0500
Served asset /posts.css - 304 Not Modified (0ms)


Started GET "/assets/scaffolds.css?body=1" for 127.0.0.1 at 2012-06-17 20:59:01 +0500
Served asset /scaffolds.css - 304 Not Modified (0ms)


Started GET "/assets/posts.js?body=1" for 127.0.0.1 at 2012-06-17 20:59:01 +0500
Served asset /posts.js - 304 Not Modified (0ms)


Started GET "/assets/jquery_ujs.js?body=1" for 127.0.0.1 at 2012-06-17 20:59:01 +0500
Served asset /jquery_ujs.js - 304 Not Modified (0ms)


Started GET "/assets/jquery.js?body=1" for 127.0.0.1 at 2012-06-17 20:59:01 +0500
Served asset /jquery.js - 304 Not Modified (1ms)


Started GET "/assets/application.js?body=1" for 127.0.0.1 at 2012-06-17 20:59:01 +0500
Served asset /application.js - 304 Not Modified (1ms)


Started GET "/" for 127.0.0.1 at 2012-06-17 20:59:36 +0500
Processing by PostsController#index as HTML
  [1m[35mUser Load (1.8ms)[0m  SELECT `users`.* FROM `users` WHERE `users`.`id` = 1 LIMIT 1
  [1m[36mPost Load (0.4ms)[0m  [1mSELECT `posts`.* FROM `posts` WHERE `posts`.`user_id` = 1[0m
  Rendered posts/index.html.erb within layouts/application (4.7ms)
Completed 200 OK in 17ms (Views: 13.8ms | ActiveRecord: 2.1ms)


Started GET "/assets/application.css?body=1" for 127.0.0.1 at 2012-06-17 20:59:36 +0500
Served asset /application.css - 200 OK (37ms)


Started GET "/assets/scaffolds.css?body=1" for 127.0.0.1 at 2012-06-17 20:59:36 +0500
Served asset /scaffolds.css - 200 OK (0ms)


Started GET "/assets/posts.css?body=1" for 127.0.0.1 at 2012-06-17 20:59:36 +0500
Served asset /posts.css - 200 OK (0ms)


Started GET "/assets/posts.js?body=1" for 127.0.0.1 at 2012-06-17 20:59:36 +0500
Served asset /posts.js - 200 OK (0ms)


Started GET "/assets/jquery_ujs.js?body=1" for 127.0.0.1 at 2012-06-17 20:59:36 +0500
Served asset /jquery_ujs.js - 200 OK (0ms)


Started GET "/assets/jquery.js?body=1" for 127.0.0.1 at 2012-06-17 20:59:36 +0500
Served asset /jquery.js - 200 OK (1ms)


Started GET "/assets/application.js?body=1" for 127.0.0.1 at 2012-06-17 20:59:36 +0500
Served asset /application.js - 200 OK (2ms)


Started GET "/" for 127.0.0.1 at 2012-06-17 21:00:14 +0500
Processing by PostsController#index as HTML
  [1m[35mUser Load (0.5ms)[0m  SELECT `users`.* FROM `users` WHERE `users`.`id` = 1 LIMIT 1
  [1m[36mPost Load (0.4ms)[0m  [1mSELECT `posts`.* FROM `posts` WHERE `posts`.`user_id` = 1[0m
  Rendered posts/index.html.erb within layouts/application (4.1ms)
Completed 200 OK in 15ms (Views: 12.4ms | ActiveRecord: 0.9ms)


Started GET "/assets/application.css?body=1" for 127.0.0.1 at 2012-06-17 21:00:14 +0500
Served asset /application.css - 200 OK (5ms)


Started GET "/assets/posts.css?body=1" for 127.0.0.1 at 2012-06-17 21:00:14 +0500
Served asset /posts.css - 200 OK (0ms)


Started GET "/assets/jquery_ujs.js?body=1" for 127.0.0.1 at 2012-06-17 21:00:14 +0500
Served asset /jquery_ujs.js - 200 OK (0ms)


Started GET "/assets/scaffolds.css?body=1" for 127.0.0.1 at 2012-06-17 21:00:14 +0500
Served asset /scaffolds.css - 200 OK (0ms)


Started GET "/assets/jquery.js?body=1" for 127.0.0.1 at 2012-06-17 21:00:14 +0500
Served asset /jquery.js - 200 OK (1ms)


Started GET "/assets/posts.js?body=1" for 127.0.0.1 at 2012-06-17 21:00:14 +0500
Served asset /posts.js - 200 OK (0ms)


Started GET "/assets/application.js?body=1" for 127.0.0.1 at 2012-06-17 21:00:14 +0500
Served asset /application.js - 200 OK (2ms)


Started GET "/" for 127.0.0.1 at 2012-06-17 21:00:40 +0500
Processing by PostsController#index as HTML
  [1m[35mUser Load (0.5ms)[0m  SELECT `users`.* FROM `users` WHERE `users`.`id` = 1 LIMIT 1
  [1m[36mPost Load (0.4ms)[0m  [1mSELECT `posts`.* FROM `posts` WHERE `posts`.`user_id` = 1[0m
  Rendered posts/index.html.erb within layouts/application (3.9ms)
Completed 200 OK in 14ms (Views: 11.9ms | ActiveRecord: 0.8ms)


Started GET "/assets/application.css?body=1" for 127.0.0.1 at 2012-06-17 21:00:40 +0500
Served asset /application.css - 200 OK (1ms)


Started GET "/assets/jquery_ujs.js?body=1" for 127.0.0.1 at 2012-06-17 21:00:40 +0500
Served asset /jquery_ujs.js - 200 OK (0ms)


Started GET "/assets/scaffolds.css?body=1" for 127.0.0.1 at 2012-06-17 21:00:40 +0500
Served asset /scaffolds.css - 200 OK (0ms)


Started GET "/assets/posts.css?body=1" for 127.0.0.1 at 2012-06-17 21:00:40 +0500
Served asset /posts.css - 200 OK (0ms)


Started GET "/assets/posts.js?body=1" for 127.0.0.1 at 2012-06-17 21:00:40 +0500
Served asset /posts.js - 200 OK (1ms)


Started GET "/assets/jquery.js?body=1" for 127.0.0.1 at 2012-06-17 21:00:40 +0500
Served asset /jquery.js - 200 OK (1ms)


Started GET "/assets/application.js?body=1" for 127.0.0.1 at 2012-06-17 21:00:40 +0500
Served asset /application.js - 200 OK (1ms)


Started GET "/" for 127.0.0.1 at 2012-06-17 21:01:20 +0500
Processing by PostsController#index as HTML
  [1m[35mUser Load (0.4ms)[0m  SELECT `users`.* FROM `users` WHERE `users`.`id` = 1 LIMIT 1
  [1m[36mPost Load (0.4ms)[0m  [1mSELECT `posts`.* FROM `posts` WHERE `posts`.`user_id` = 1[0m
  Rendered posts/index.html.erb within layouts/application (4.3ms)
Completed 200 OK in 15ms (Views: 12.8ms | ActiveRecord: 0.8ms)


Started GET "/assets/application.css?body=1" for 127.0.0.1 at 2012-06-17 21:01:20 +0500
Served asset /application.css - 200 OK (0ms)


Started GET "/assets/scaffolds.css?body=1" for 127.0.0.1 at 2012-06-17 21:01:20 +0500
Served asset /scaffolds.css - 200 OK (2ms)


Started GET "/assets/jquery.js?body=1" for 127.0.0.1 at 2012-06-17 21:01:20 +0500
Served asset /jquery.js - 200 OK (1ms)


Started GET "/assets/posts.js?body=1" for 127.0.0.1 at 2012-06-17 21:01:20 +0500
Served asset /posts.js - 200 OK (0ms)


Started GET "/assets/jquery_ujs.js?body=1" for 127.0.0.1 at 2012-06-17 21:01:20 +0500
Served asset /jquery_ujs.js - 200 OK (0ms)


Started GET "/assets/application.js?body=1" for 127.0.0.1 at 2012-06-17 21:01:20 +0500
Served asset /application.js - 200 OK (1ms)


Started GET "/assets/posts.css?body=1" for 127.0.0.1 at 2012-06-17 21:01:20 +0500
Served asset /posts.css - 200 OK (0ms)


Started GET "/" for 127.0.0.1 at 2012-06-17 21:02:27 +0500
Processing by PostsController#index as HTML
  [1m[35mUser Load (0.7ms)[0m  SELECT `users`.* FROM `users` WHERE `users`.`id` = 1 LIMIT 1
  [1m[36mPost Load (0.4ms)[0m  [1mSELECT `posts`.* FROM `posts` WHERE `posts`.`user_id` = 1[0m
  Rendered posts/index.html.erb within layouts/application (4.4ms)
Completed 200 OK in 17ms (Views: 13.4ms | ActiveRecord: 1.1ms)


Started GET "/assets/application.css?body=1" for 127.0.0.1 at 2012-06-17 21:02:27 +0500
Served asset /application.css - 200 OK (6ms)


Started GET "/assets/posts.css?body=1" for 127.0.0.1 at 2012-06-17 21:02:27 +0500
Served asset /posts.css - 200 OK (2ms)


Started GET "/assets/scaffolds.css?body=1" for 127.0.0.1 at 2012-06-17 21:02:27 +0500
Served asset /scaffolds.css - 200 OK (0ms)


Started GET "/assets/jquery.js?body=1" for 127.0.0.1 at 2012-06-17 21:02:27 +0500
Served asset /jquery.js - 200 OK (1ms)


Started GET "/assets/jquery_ujs.js?body=1" for 127.0.0.1 at 2012-06-17 21:02:27 +0500
Served asset /jquery_ujs.js - 200 OK (0ms)


Started GET "/assets/application.js?body=1" for 127.0.0.1 at 2012-06-17 21:02:27 +0500
Served asset /application.js - 200 OK (1ms)


Started GET "/assets/posts.js?body=1" for 127.0.0.1 at 2012-06-17 21:02:28 +0500
Served asset /posts.js - 200 OK (0ms)


Started GET "/sign_out" for 127.0.0.1 at 2012-06-17 21:02:30 +0500
Processing by Devise::SessionsController#destroy as HTML
  [1m[35mUser Load (0.7ms)[0m  SELECT `users`.* FROM `users` WHERE `users`.`id` = 1 LIMIT 1
  [1m[36mSQL (0.2ms)[0m  [1mBEGIN[0m
  [1m[35m (0.6ms)[0m  UPDATE `users` SET `remember_created_at` = NULL, `updated_at` = '2012-06-17 16:02:30' WHERE `users`.`id` = 1
  [1m[36m (130.2ms)[0m  [1mCOMMIT[0m
Redirected to http://localhost:3000/
Completed 302 Found in 138ms (ActiveRecord: 131.7ms)


Started GET "/" for 127.0.0.1 at 2012-06-17 21:02:30 +0500
Processing by PostsController#index as HTML
Completed 401 Unauthorized in 0ms


Started GET "/users/sign_in" for 127.0.0.1 at 2012-06-17 21:02:31 +0500
Processing by Devise::SessionsController#new as HTML
  Rendered devise/shared/_links.erb (0.6ms)
  Rendered devise/sessions/new.html.erb within layouts/application (6.3ms)
Completed 200 OK in 18ms (Views: 16.6ms | ActiveRecord: 0.0ms)


Started GET "/assets/scaffolds.css?body=1" for 127.0.0.1 at 2012-06-17 21:02:31 +0500
Served asset /scaffolds.css - 304 Not Modified (0ms)


Started GET "/assets/posts.js?body=1" for 127.0.0.1 at 2012-06-17 21:02:31 +0500
Served asset /posts.js - 304 Not Modified (2ms)


Started GET "/assets/jquery_ujs.js?body=1" for 127.0.0.1 at 2012-06-17 21:02:31 +0500
Served asset /jquery_ujs.js - 304 Not Modified (0ms)


Started GET "/assets/posts.css?body=1" for 127.0.0.1 at 2012-06-17 21:02:31 +0500
Served asset /posts.css - 304 Not Modified (0ms)


Started GET "/assets/jquery.js?body=1" for 127.0.0.1 at 2012-06-17 21:02:31 +0500
Served asset /jquery.js - 304 Not Modified (1ms)


Started GET "/assets/application.js?body=1" for 127.0.0.1 at 2012-06-17 21:02:31 +0500
Served asset /application.js - 304 Not Modified (1ms)


Started GET "/assets/application.css?body=1" for 127.0.0.1 at 2012-06-17 21:02:31 +0500
Served asset /application.css - 304 Not Modified (0ms)


Started POST "/users/sign_in" for 127.0.0.1 at 2012-06-17 21:02:54 +0500
Processing by Devise::SessionsController#create as HTML
  Parameters: {"utf8"=>"✓", "authenticity_token"=>"jFUr7lSPJJKmf9quPfcR+nsPbXhaToG5zyfEAmfN8zA=", "user"=>{"email"=>"kashif.ali@ilsainteractive.com", "password"=>"[FILTERED]", "remember_me"=>"1"}, "commit"=>"Sign in"}
  [1m[35mUser Load (1.1ms)[0m  SELECT `users`.* FROM `users` WHERE `users`.`email` = 'kashif.ali@ilsainteractive.com' LIMIT 1
  [1m[36mSQL (0.1ms)[0m  [1mBEGIN[0m
  [1m[35m (0.4ms)[0m  UPDATE `users` SET `remember_created_at` = '2012-06-17 16:02:55', `updated_at` = '2012-06-17 16:02:55' WHERE `users`.`id` = 1
  [1m[36m (55.6ms)[0m  [1mCOMMIT[0m
  [1m[35mSQL (0.1ms)[0m  BEGIN
  [1m[36m (0.4ms)[0m  [1mUPDATE `users` SET `last_sign_in_at` = '2012-06-17 15:59:01', `current_sign_in_at` = '2012-06-17 16:02:55', `sign_in_count` = 6, `updated_at` = '2012-06-17 16:02:55' WHERE `users`.`id` = 1[0m
  [1m[35m (52.7ms)[0m  COMMIT
Redirected to http://localhost:3000/
Completed 302 Found in 229ms (ActiveRecord: 0.0ms)


Started GET "/" for 127.0.0.1 at 2012-06-17 21:02:55 +0500
Processing by PostsController#index as HTML
  [1m[36mUser Load (0.7ms)[0m  [1mSELECT `users`.* FROM `users` WHERE `users`.`id` = 1 LIMIT 1[0m
  [1m[35mPost Load (0.4ms)[0m  SELECT `posts`.* FROM `posts` WHERE `posts`.`user_id` = 1
  Rendered posts/index.html.erb within layouts/application (4.4ms)
Completed 200 OK in 15ms (Views: 12.5ms | ActiveRecord: 1.1ms)


Started GET "/assets/application.css?body=1" for 127.0.0.1 at 2012-06-17 21:02:55 +0500
Served asset /application.css - 304 Not Modified (0ms)


Started GET "/assets/posts.js?body=1" for 127.0.0.1 at 2012-06-17 21:02:55 +0500
Served asset /posts.js - 304 Not Modified (0ms)


Started GET "/assets/jquery_ujs.js?body=1" for 127.0.0.1 at 2012-06-17 21:02:55 +0500
Served asset /jquery_ujs.js - 304 Not Modified (0ms)


Started GET "/assets/posts.css?body=1" for 127.0.0.1 at 2012-06-17 21:02:55 +0500
Served asset /posts.css - 304 Not Modified (0ms)


Started GET "/assets/scaffolds.css?body=1" for 127.0.0.1 at 2012-06-17 21:02:55 +0500
Served asset /scaffolds.css - 304 Not Modified (0ms)


Started GET "/assets/jquery.js?body=1" for 127.0.0.1 at 2012-06-17 21:02:55 +0500
Served asset /jquery.js - 304 Not Modified (2ms)


Started GET "/assets/application.js?body=1" for 127.0.0.1 at 2012-06-17 21:02:55 +0500
Served asset /application.js - 304 Not Modified (3ms)


Started GET "/sign_out" for 127.0.0.1 at 2012-06-17 21:03:04 +0500
Processing by Devise::SessionsController#destroy as HTML
  [1m[36mUser Load (0.4ms)[0m  [1mSELECT `users`.* FROM `users` WHERE `users`.`id` = 1 LIMIT 1[0m
  [1m[35mSQL (0.1ms)[0m  BEGIN
  [1m[36m (0.4ms)[0m  [1mUPDATE `users` SET `remember_created_at` = NULL, `updated_at` = '2012-06-17 16:03:04' WHERE `users`.`id` = 1[0m
  [1m[35m (94.9ms)[0m  COMMIT
Redirected to http://localhost:3000/
Completed 302 Found in 101ms (ActiveRecord: 95.8ms)


Started GET "/" for 127.0.0.1 at 2012-06-17 21:03:04 +0500
Processing by PostsController#index as HTML
Completed 401 Unauthorized in 0ms


Started GET "/users/sign_in" for 127.0.0.1 at 2012-06-17 21:03:04 +0500
Processing by Devise::SessionsController#new as HTML
  Rendered devise/shared/_links.erb (0.7ms)
  Rendered devise/sessions/new.html.erb within layouts/application (6.1ms)
Completed 200 OK in 16ms (Views: 14.6ms | ActiveRecord: 0.0ms)


Started GET "/assets/scaffolds.css?body=1" for 127.0.0.1 at 2012-06-17 21:03:05 +0500
Served asset /scaffolds.css - 304 Not Modified (9ms)


Started GET "/assets/posts.css?body=1" for 127.0.0.1 at 2012-06-17 21:03:05 +0500
Served asset /posts.css - 304 Not Modified (0ms)


Started GET "/assets/jquery.js?body=1" for 127.0.0.1 at 2012-06-17 21:03:05 +0500
Served asset /jquery.js - 304 Not Modified (1ms)


Started GET "/assets/posts.js?body=1" for 127.0.0.1 at 2012-06-17 21:03:05 +0500
Served asset /posts.js - 304 Not Modified (0ms)


Started GET "/assets/jquery_ujs.js?body=1" for 127.0.0.1 at 2012-06-17 21:03:05 +0500
Served asset /jquery_ujs.js - 304 Not Modified (0ms)


Started GET "/assets/application.js?body=1" for 127.0.0.1 at 2012-06-17 21:03:05 +0500
Served asset /application.js - 304 Not Modified (4ms)


Started GET "/assets/application.css?body=1" for 127.0.0.1 at 2012-06-17 21:03:05 +0500
Served asset /application.css - 304 Not Modified (0ms)


Started GET "/users/sign_in" for 127.0.0.1 at 2012-06-17 21:04:10 +0500
Processing by Devise::SessionsController#new as HTML
  Rendered devise/shared/_links.erb (0.6ms)
  Rendered devise/sessions/new.html.erb within layouts/application (4.1ms)
Completed 500 Internal Server Error in 63ms

ActionView::Template::Error (undefined local variable or method `error' for #<#<Class:0xaef2068>:0xae0860c>):
    9: <body>
    10: <div class="notice"><%=notice%></div>
    11: <div class="alert"><%=alert%></div>
    12: <div class="error"><%=error%></div>
    13: <div class="login" style="float: right;background: aqua;margin-right: 80px;">
    14: <%if user_signed_in?%>
    15: Welcome <%=@user.email%>|<%=link_to "Logout" ,"/sign_out"%>
  app/views/layouts/application.html.erb:12:in `_app_views_layouts_application_html_erb___964835001_91236530'


  Rendered /home/ramiz/.rvm/gems/ruby-1.9.2-p290/gems/actionpack-3.2.3/lib/action_dispatch/middleware/templates/rescues/_trace.erb (5.0ms)
  Rendered /home/ramiz/.rvm/gems/ruby-1.9.2-p290/gems/actionpack-3.2.3/lib/action_dispatch/middleware/templates/rescues/_request_and_response.erb (38.0ms)
  Rendered /home/ramiz/.rvm/gems/ruby-1.9.2-p290/gems/actionpack-3.2.3/lib/action_dispatch/middleware/templates/rescues/template_error.erb within rescues/layout (51.6ms)


Started GET "/users/sign_in" for 127.0.0.1 at 2012-06-17 21:04:26 +0500
Processing by Devise::SessionsController#new as HTML
  Rendered devise/shared/_links.erb (0.6ms)
  Rendered devise/sessions/new.html.erb within layouts/application (4.5ms)
Completed 200 OK in 14ms (Views: 13.4ms | ActiveRecord: 0.0ms)


Started GET "/assets/application.css?body=1" for 127.0.0.1 at 2012-06-17 21:04:26 +0500
Served asset /application.css - 200 OK (3ms)


Started GET "/assets/jquery_ujs.js?body=1" for 127.0.0.1 at 2012-06-17 21:04:26 +0500
Served asset /jquery_ujs.js - 200 OK (0ms)


Started GET "/assets/jquery.js?body=1" for 127.0.0.1 at 2012-06-17 21:04:26 +0500
Served asset /jquery.js - 200 OK (1ms)


Started GET "/assets/posts.js?body=1" for 127.0.0.1 at 2012-06-17 21:04:26 +0500
Served asset /posts.js - 200 OK (0ms)


Started GET "/assets/scaffolds.css?body=1" for 127.0.0.1 at 2012-06-17 21:04:26 +0500
Served asset /scaffolds.css - 200 OK (0ms)


Started GET "/assets/posts.css?body=1" for 127.0.0.1 at 2012-06-17 21:04:26 +0500
Served asset /posts.css - 200 OK (0ms)


Started GET "/assets/application.js?body=1" for 127.0.0.1 at 2012-06-17 21:04:26 +0500
Served asset /application.js - 200 OK (1ms)


Started POST "/users/sign_in" for 127.0.0.1 at 2012-06-17 21:04:29 +0500
Processing by Devise::SessionsController#create as HTML
  Parameters: {"utf8"=>"✓", "authenticity_token"=>"vjZbq87xIuN0/27T/vZQWZeNmdO7BUKltShleTfJoyo=", "user"=>{"email"=>"", "password"=>"[FILTERED]", "remember_me"=>"0"}, "commit"=>"Sign in"}
Completed 401 Unauthorized in 1ms
Processing by Devise::SessionsController#new as HTML
  Parameters: {"utf8"=>"✓", "authenticity_token"=>"vjZbq87xIuN0/27T/vZQWZeNmdO7BUKltShleTfJoyo=", "user"=>{"email"=>"", "password"=>"[FILTERED]", "remember_me"=>"0"}, "commit"=>"Sign in"}
  Rendered devise/shared/_links.erb (0.6ms)
  Rendered devise/sessions/new.html.erb within layouts/application (4.9ms)
Completed 200 OK in 14ms (Views: 13.3ms | ActiveRecord: 0.0ms)


Started GET "/assets/posts.css?body=1" for 127.0.0.1 at 2012-06-17 21:04:29 +0500
Served asset /posts.css - 304 Not Modified (0ms)


Started GET "/assets/jquery.js?body=1" for 127.0.0.1 at 2012-06-17 21:04:29 +0500
Served asset /jquery.js - 304 Not Modified (7ms)


Started GET "/assets/posts.js?body=1" for 127.0.0.1 at 2012-06-17 21:04:29 +0500
Served asset /posts.js - 304 Not Modified (0ms)


Started GET "/assets/jquery_ujs.js?body=1" for 127.0.0.1 at 2012-06-17 21:04:29 +0500
Served asset /jquery_ujs.js - 304 Not Modified (0ms)


Started GET "/assets/scaffolds.css?body=1" for 127.0.0.1 at 2012-06-17 21:04:29 +0500
Served asset /scaffolds.css - 304 Not Modified (0ms)


Started GET "/assets/application.js?body=1" for 127.0.0.1 at 2012-06-17 21:04:29 +0500
Served asset /application.js - 304 Not Modified (2ms)


Started GET "/assets/application.css?body=1" for 127.0.0.1 at 2012-06-17 21:04:29 +0500
Served asset /application.css - 304 Not Modified (0ms)


Started POST "/users/sign_in" for 127.0.0.1 at 2012-06-17 21:04:44 +0500
Processing by Devise::SessionsController#create as HTML
  Parameters: {"utf8"=>"✓", "authenticity_token"=>"vjZbq87xIuN0/27T/vZQWZeNmdO7BUKltShleTfJoyo=", "user"=>{"email"=>"kashif.ali@ilsainteractive.com", "password"=>"[FILTERED]", "remember_me"=>"1"}, "commit"=>"Sign in"}
  [1m[36mUser Load (0.8ms)[0m  [1mSELECT `users`.* FROM `users` WHERE `users`.`email` = 'kashif.ali@ilsainteractive.com' LIMIT 1[0m
  [1m[35mSQL (0.1ms)[0m  BEGIN
  [1m[36m (0.4ms)[0m  [1mUPDATE `users` SET `remember_created_at` = '2012-06-17 16:04:45', `updated_at` = '2012-06-17 16:04:45' WHERE `users`.`id` = 1[0m
  [1m[35m (120.9ms)[0m  COMMIT
  [1m[36mSQL (0.1ms)[0m  [1mBEGIN[0m
  [1m[35m (0.4ms)[0m  UPDATE `users` SET `last_sign_in_at` = '2012-06-17 16:02:55', `current_sign_in_at` = '2012-06-17 16:04:45', `sign_in_count` = 7, `updated_at` = '2012-06-17 16:04:45' WHERE `users`.`id` = 1
  [1m[36m (53.1ms)[0m  [1mCOMMIT[0m
Redirected to http://localhost:3000/
Completed 302 Found in 296ms (ActiveRecord: 0.0ms)


Started GET "/" for 127.0.0.1 at 2012-06-17 21:04:45 +0500
Processing by PostsController#index as HTML
  [1m[35mUser Load (0.6ms)[0m  SELECT `users`.* FROM `users` WHERE `users`.`id` = 1 LIMIT 1
  [1m[36mPost Load (0.4ms)[0m  [1mSELECT `posts`.* FROM `posts` WHERE `posts`.`user_id` = 1[0m
  Rendered posts/index.html.erb within layouts/application (3.9ms)
Completed 200 OK in 15ms (Views: 12.7ms | ActiveRecord: 1.0ms)


Started GET "/assets/application.css?body=1" for 127.0.0.1 at 2012-06-17 21:04:45 +0500
Served asset /application.css - 304 Not Modified (0ms)


Started GET "/assets/scaffolds.css?body=1" for 127.0.0.1 at 2012-06-17 21:04:45 +0500
Served asset /scaffolds.css - 304 Not Modified (0ms)


Started GET "/assets/jquery.js?body=1" for 127.0.0.1 at 2012-06-17 21:04:45 +0500
Served asset /jquery.js - 304 Not Modified (1ms)


Started GET "/assets/jquery_ujs.js?body=1" for 127.0.0.1 at 2012-06-17 21:04:45 +0500
Served asset /jquery_ujs.js - 304 Not Modified (0ms)


Started GET "/assets/posts.js?body=1" for 127.0.0.1 at 2012-06-17 21:04:45 +0500
Served asset /posts.js - 304 Not Modified (0ms)


Started GET "/assets/posts.css?body=1" for 127.0.0.1 at 2012-06-17 21:04:45 +0500
Served asset /posts.css - 304 Not Modified (0ms)


Started GET "/assets/application.js?body=1" for 127.0.0.1 at 2012-06-17 21:04:45 +0500
Served asset /application.js - 304 Not Modified (1ms)


Started GET "/sign_out" for 127.0.0.1 at 2012-06-17 21:04:48 +0500
Processing by Devise::SessionsController#destroy as HTML
  [1m[35mUser Load (0.5ms)[0m  SELECT `users`.* FROM `users` WHERE `users`.`id` = 1 LIMIT 1
  [1m[36mSQL (0.1ms)[0m  [1mBEGIN[0m
  [1m[35m (0.4ms)[0m  UPDATE `users` SET `remember_created_at` = NULL, `updated_at` = '2012-06-17 16:04:48' WHERE `users`.`id` = 1
  [1m[36m (67.1ms)[0m  [1mCOMMIT[0m
Redirected to http://localhost:3000/
Completed 302 Found in 73ms (ActiveRecord: 68.1ms)


Started GET "/" for 127.0.0.1 at 2012-06-17 21:04:48 +0500
Processing by PostsController#index as HTML
Completed 401 Unauthorized in 0ms


Started GET "/users/sign_in" for 127.0.0.1 at 2012-06-17 21:04:48 +0500
Processing by Devise::SessionsController#new as HTML
  Rendered devise/shared/_links.erb (0.5ms)
  Rendered devise/sessions/new.html.erb within layouts/application (4.3ms)
Completed 200 OK in 57ms (Views: 56.2ms | ActiveRecord: 0.0ms)


Started GET "/assets/application.css?body=1" for 127.0.0.1 at 2012-06-17 21:04:48 +0500
Served asset /application.css - 304 Not Modified (0ms)


Started GET "/assets/posts.js?body=1" for 127.0.0.1 at 2012-06-17 21:04:48 +0500
Served asset /posts.js - 304 Not Modified (0ms)


Started GET "/assets/posts.css?body=1" for 127.0.0.1 at 2012-06-17 21:04:48 +0500
Served asset /posts.css - 304 Not Modified (2ms)


Started GET "/assets/jquery.js?body=1" for 127.0.0.1 at 2012-06-17 21:04:48 +0500
Served asset /jquery.js - 304 Not Modified (5ms)


Started GET "/assets/jquery_ujs.js?body=1" for 127.0.0.1 at 2012-06-17 21:04:48 +0500
Served asset /jquery_ujs.js - 304 Not Modified (0ms)


Started GET "/assets/scaffolds.css?body=1" for 127.0.0.1 at 2012-06-17 21:04:48 +0500
Served asset /scaffolds.css - 304 Not Modified (0ms)


Started GET "/assets/application.js?body=1" for 127.0.0.1 at 2012-06-17 21:04:48 +0500
Served asset /application.js - 304 Not Modified (1ms)
